{"numTotalTestSuites":249,"numPassedTestSuites":150,"numFailedTestSuites":99,"numPendingTestSuites":0,"numTotalTests":690,"numPassedTests":593,"numFailedTests":97,"numPendingTests":0,"numTodoTests":0,"snapshot":{"added":0,"failure":false,"filesAdded":0,"filesRemoved":0,"filesRemovedList":[],"filesUnmatched":0,"filesUpdated":0,"matched":0,"total":0,"unchecked":0,"uncheckedKeysByFile":[],"unmatched":0,"updated":0,"didUpdate":false},"startTime":1771828112638,"success":false,"testResults":[{"assertionResults":[{"ancestorTitles":["crypto.ts Constants","CHARACTER_SETS"],"fullName":"crypto.ts Constants CHARACTER_SETS should have correct lowercase characters","status":"passed","title":"should have correct lowercase characters","duration":4.027300000000196,"failureMessages":[],"meta":{}},{"ancestorTitles":["crypto.ts Constants","CHARACTER_SETS"],"fullName":"crypto.ts Constants CHARACTER_SETS should have correct uppercase characters","status":"passed","title":"should have correct uppercase characters","duration":0.47879999999986467,"failureMessages":[],"meta":{}},{"ancestorTitles":["crypto.ts Constants","CHARACTER_SETS"],"fullName":"crypto.ts Constants CHARACTER_SETS should have correct digit characters","status":"passed","title":"should have correct digit characters","duration":0.3188000000000102,"failureMessages":[],"meta":{}},{"ancestorTitles":["crypto.ts Constants","CHARACTER_SETS"],"fullName":"crypto.ts Constants CHARACTER_SETS should have correct symbol characters","status":"passed","title":"should have correct symbol characters","duration":0.38850000000002183,"failureMessages":[],"meta":{}},{"ancestorTitles":["crypto.ts Constants","CHARACTER_SETS"],"fullName":"crypto.ts Constants CHARACTER_SETS should map character sets correctly","status":"passed","title":"should map character sets correctly","duration":0.38380000000006476,"failureMessages":[],"meta":{}},{"ancestorTitles":["crypto.ts Constants","SEPARATORS"],"fullName":"crypto.ts Constants SEPARATORS should have correct separator mappings","status":"passed","title":"should have correct separator mappings","duration":0.4135999999998603,"failureMessages":[],"meta":{}},{"ancestorTitles":["crypto.ts Constants","PASSWORD_CONSTRAINTS"],"fullName":"crypto.ts Constants PASSWORD_CONSTRAINTS should have correct password constraints","status":"passed","title":"should have correct password constraints","duration":0.2088000000003376,"failureMessages":[],"meta":{}},{"ancestorTitles":["crypto.ts Constants","PASSWORD_CONSTRAINTS"],"fullName":"crypto.ts Constants PASSWORD_CONSTRAINTS should have MIN_LENGTH less than MAX_LENGTH","status":"passed","title":"should have MIN_LENGTH less than MAX_LENGTH","duration":0.1815999999998894,"failureMessages":[],"meta":{}},{"ancestorTitles":["crypto.ts Constants","PASSWORD_CONSTRAINTS"],"fullName":"crypto.ts Constants PASSWORD_CONSTRAINTS should have DEFAULT_LENGTH within valid range","status":"passed","title":"should have DEFAULT_LENGTH within valid range","duration":0.2780000000002474,"failureMessages":[],"meta":{}},{"ancestorTitles":["crypto.ts Constants","PIN_CONSTRAINTS"],"fullName":"crypto.ts Constants PIN_CONSTRAINTS should have correct PIN constraints","status":"passed","title":"should have correct PIN constraints","duration":0.28159999999979846,"failureMessages":[],"meta":{}},{"ancestorTitles":["crypto.ts Constants","PIN_CONSTRAINTS"],"fullName":"crypto.ts Constants PIN_CONSTRAINTS should have MIN_LENGTH less than MAX_LENGTH","status":"passed","title":"should have MIN_LENGTH less than MAX_LENGTH","duration":0.120600000000195,"failureMessages":[],"meta":{}},{"ancestorTitles":["crypto.ts Constants","PIN_CONSTRAINTS"],"fullName":"crypto.ts Constants PIN_CONSTRAINTS should have DEFAULT_LENGTH within valid range","status":"passed","title":"should have DEFAULT_LENGTH within valid range","duration":0.1230000000000473,"failureMessages":[],"meta":{}},{"ancestorTitles":["crypto.ts Constants","PASSPHRASE_CONSTRAINTS"],"fullName":"crypto.ts Constants PASSPHRASE_CONSTRAINTS should have correct passphrase constraints","status":"passed","title":"should have correct passphrase constraints","duration":0.14099999999962165,"failureMessages":[],"meta":{}},{"ancestorTitles":["crypto.ts Constants","PASSPHRASE_CONSTRAINTS"],"fullName":"crypto.ts Constants PASSPHRASE_CONSTRAINTS should have MIN_WORDS less than MAX_WORDS","status":"passed","title":"should have MIN_WORDS less than MAX_WORDS","duration":0.07339999999976499,"failureMessages":[],"meta":{}},{"ancestorTitles":["crypto.ts Constants","PASSPHRASE_CONSTRAINTS"],"fullName":"crypto.ts Constants PASSPHRASE_CONSTRAINTS should have DEFAULT_WORDS within valid range","status":"passed","title":"should have DEFAULT_WORDS within valid range","duration":0.1066000000000713,"failureMessages":[],"meta":{}},{"ancestorTitles":["crypto.ts Constants","PASSPHRASE_CONSTRAINTS"],"fullName":"crypto.ts Constants PASSPHRASE_CONSTRAINTS should have DEFAULT_SEPARATOR in SEPARATORS","status":"passed","title":"should have DEFAULT_SEPARATOR in SEPARATORS","duration":0.1147000000000844,"failureMessages":[],"meta":{}},{"ancestorTitles":["crypto.ts Constants","PERFORMANCE_TARGETS"],"fullName":"crypto.ts Constants PERFORMANCE_TARGETS should have correct performance targets","status":"passed","title":"should have correct performance targets","duration":0.21939999999995052,"failureMessages":[],"meta":{}},{"ancestorTitles":["crypto.ts Constants","PERFORMANCE_TARGETS"],"fullName":"crypto.ts Constants PERFORMANCE_TARGETS should have all targets as positive numbers","status":"passed","title":"should have all targets as positive numbers","duration":0.24839999999994689,"failureMessages":[],"meta":{}},{"ancestorTitles":["crypto.ts Constants","API_CONFIG"],"fullName":"crypto.ts Constants API_CONFIG should have correct API configuration","status":"passed","title":"should have correct API configuration","duration":0.26190000000042346,"failureMessages":[],"meta":{}},{"ancestorTitles":["crypto.ts Constants","API_CONFIG"],"fullName":"crypto.ts Constants API_CONFIG should have valid HIBP_BASE_URL","status":"passed","title":"should have valid HIBP_BASE_URL","duration":0.35770000000002256,"failureMessages":[],"meta":{}},{"ancestorTitles":["crypto.ts Constants","API_CONFIG"],"fullName":"crypto.ts Constants API_CONFIG should have positive rate limit and timeout","status":"passed","title":"should have positive rate limit and timeout","duration":0.2761000000000422,"failureMessages":[],"meta":{}},{"ancestorTitles":["generatePassword","Basic Functionality"],"fullName":"generatePassword Basic Functionality should generate a password of correct length","status":"passed","title":"should generate a password of correct length","duration":2.113299999999981,"failureMessages":[],"meta":{}},{"ancestorTitles":["generatePassword","Basic Functionality"],"fullName":"generatePassword Basic Functionality should generate a password with default length of 8","status":"passed","title":"should generate a password with default length of 8","duration":0.37039999999979045,"failureMessages":[],"meta":{}},{"ancestorTitles":["generatePassword","Basic Functionality"],"fullName":"generatePassword Basic Functionality should generate a password with maximum length of 50","status":"passed","title":"should generate a password with maximum length of 50","duration":0.35849999999982174,"failureMessages":[],"meta":{}},{"ancestorTitles":["generatePassword","Basic Functionality"],"fullName":"generatePassword Basic Functionality should generate a password with only lowercase letters by default","status":"passed","title":"should generate a password with only lowercase letters by default","duration":0.3308999999999287,"failureMessages":[],"meta":{}},{"ancestorTitles":["generatePassword","Basic Functionality"],"fullName":"generatePassword Basic Functionality should include digits when enabled","status":"passed","title":"should include digits when enabled","duration":0.29950000000008004,"failureMessages":[],"meta":{}},{"ancestorTitles":["generatePassword","Basic Functionality"],"fullName":"generatePassword Basic Functionality should include symbols when enabled","status":"passed","title":"should include symbols when enabled","duration":0.30849999999963984,"failureMessages":[],"meta":{}},{"ancestorTitles":["generatePassword","Basic Functionality"],"fullName":"generatePassword Basic Functionality should include uppercase letters when enabled","status":"passed","title":"should include uppercase letters when enabled","duration":0.34469999999964784,"failureMessages":[],"meta":{}},{"ancestorTitles":["generatePassword","Character Set Combinations"],"fullName":"generatePassword Character Set Combinations should include all character types when all options enabled","status":"passed","title":"should include all character types when all options enabled","duration":0.390400000000227,"failureMessages":[],"meta":{}},{"ancestorTitles":["generatePassword","Character Set Combinations"],"fullName":"generatePassword Character Set Combinations should include lowercase and digits only","status":"passed","title":"should include lowercase and digits only","duration":0.34049999999979264,"failureMessages":[],"meta":{}},{"ancestorTitles":["generatePassword","Character Set Combinations"],"fullName":"generatePassword Character Set Combinations should include lowercase and symbols only","status":"passed","title":"should include lowercase and symbols only","duration":0.3042000000000371,"failureMessages":[],"meta":{}},{"ancestorTitles":["generatePassword","Character Set Combinations"],"fullName":"generatePassword Character Set Combinations should include lowercase and uppercase only","status":"passed","title":"should include lowercase and uppercase only","duration":0.20280000000002474,"failureMessages":[],"meta":{}},{"ancestorTitles":["generatePassword","Character Set Combinations"],"fullName":"generatePassword Character Set Combinations should include digits and symbols only","status":"failed","title":"should include digits and symbols only","duration":6.766100000000279,"failureMessages":["AssertionError: expected '-(>v+qz<v%|$' to match /[0-9]/\n    at C:/Users/Clement/Desktop/test/nextjs-password-generator/tests/unit/crypto.test.ts:230:24\n    at file:///C:/Users/Clement/Desktop/test/nextjs-password-generator/node_modules/@vitest/runner/dist/index.js:145:11\n    at file:///C:/Users/Clement/Desktop/test/nextjs-password-generator/node_modules/@vitest/runner/dist/index.js:915:26\n    at file:///C:/Users/Clement/Desktop/test/nextjs-password-generator/node_modules/@vitest/runner/dist/index.js:1243:20\n    at new Promise (<anonymous>)\n    at runWithTimeout (file:///C:/Users/Clement/Desktop/test/nextjs-password-generator/node_modules/@vitest/runner/dist/index.js:1209:10)\n    at file:///C:/Users/Clement/Desktop/test/nextjs-password-generator/node_modules/@vitest/runner/dist/index.js:1653:37\n    at Traces.$ (file:///C:/Users/Clement/Desktop/test/nextjs-password-generator/node_modules/vitest/dist/chunks/traces.CCmnQaNT.js:142:27)\n    at trace (file:///C:/Users/Clement/Desktop/test/nextjs-password-generator/node_modules/vitest/dist/chunks/test.B8ej_ZHS.js:239:21)\n    at runTest (file:///C:/Users/Clement/Desktop/test/nextjs-password-generator/node_modules/@vitest/runner/dist/index.js:1653:12)"],"meta":{}},{"ancestorTitles":["generatePassword","Edge Cases and Boundary Conditions"],"fullName":"generatePassword Edge Cases and Boundary Conditions should handle minimum length (8)","status":"passed","title":"should handle minimum length (8)","duration":0.5805000000000291,"failureMessages":[],"meta":{}},{"ancestorTitles":["generatePassword","Edge Cases and Boundary Conditions"],"fullName":"generatePassword Edge Cases and Boundary Conditions should handle maximum length (50)","status":"passed","title":"should handle maximum length (50)","duration":0.23390000000017608,"failureMessages":[],"meta":{}},{"ancestorTitles":["generatePassword","Edge Cases and Boundary Conditions"],"fullName":"generatePassword Edge Cases and Boundary Conditions should generate different passwords on multiple calls","status":"passed","title":"should generate different passwords on multiple calls","duration":1.1446000000000822,"failureMessages":[],"meta":{}},{"ancestorTitles":["generatePassword","Edge Cases and Boundary Conditions"],"fullName":"generatePassword Edge Cases and Boundary Conditions should handle length between min and max","status":"passed","title":"should handle length between min and max","duration":0.277299999999741,"failureMessages":[],"meta":{}},{"ancestorTitles":["generatePassword","Edge Cases and Boundary Conditions"],"fullName":"generatePassword Edge Cases and Boundary Conditions should not include characters outside selected character set","status":"passed","title":"should not include characters outside selected character set","duration":0.1574000000000524,"failureMessages":[],"meta":{}},{"ancestorTitles":["generatePassword","Security and Randomness"],"fullName":"generatePassword Security and Randomness should use Web Crypto API for random generation","status":"passed","title":"should use Web Crypto API for random generation","duration":0.43240000000014334,"failureMessages":[],"meta":{}},{"ancestorTitles":["generatePassword","Security and Randomness"],"fullName":"generatePassword Security and Randomness should generate cryptographically secure passwords","status":"passed","title":"should generate cryptographically secure passwords","duration":0.6783999999997832,"failureMessages":[],"meta":{}},{"ancestorTitles":["generatePassword","Performance"],"fullName":"generatePassword Performance should generate password within performance target","status":"passed","title":"should generate password within performance target","duration":0.15039999999999054,"failureMessages":[],"meta":{}},{"ancestorTitles":["generatePassword","Performance"],"fullName":"generatePassword Performance should generate multiple passwords efficiently","status":"passed","title":"should generate multiple passwords efficiently","duration":0.725800000000163,"failureMessages":[],"meta":{}},{"ancestorTitles":["generatePin","Basic Functionality"],"fullName":"generatePin Basic Functionality should generate a PIN of correct length","status":"passed","title":"should generate a PIN of correct length","duration":0.20540000000028158,"failureMessages":[],"meta":{}},{"ancestorTitles":["generatePin","Basic Functionality"],"fullName":"generatePin Basic Functionality should generate a PIN with default length of 3","status":"passed","title":"should generate a PIN with default length of 3","duration":0.18489999999974316,"failureMessages":[],"meta":{}},{"ancestorTitles":["generatePin","Basic Functionality"],"fullName":"generatePin Basic Functionality should generate a PIN with maximum length of 12","status":"passed","title":"should generate a PIN with maximum length of 12","duration":0.20319999999992433,"failureMessages":[],"meta":{}},{"ancestorTitles":["generatePin","Basic Functionality"],"fullName":"generatePin Basic Functionality should only contain digits","status":"passed","title":"should only contain digits","duration":0.22989999999981592,"failureMessages":[],"meta":{}},{"ancestorTitles":["generatePin","Basic Functionality"],"fullName":"generatePin Basic Functionality should not contain letters or symbols","status":"passed","title":"should not contain letters or symbols","duration":0.18699999999989814,"failureMessages":[],"meta":{}},{"ancestorTitles":["generatePin","Edge Cases and Boundary Conditions"],"fullName":"generatePin Edge Cases and Boundary Conditions should handle minimum length (3)","status":"passed","title":"should handle minimum length (3)","duration":0.19030000000020664,"failureMessages":[],"meta":{}},{"ancestorTitles":["generatePin","Edge Cases and Boundary Conditions"],"fullName":"generatePin Edge Cases and Boundary Conditions should handle maximum length (12)","status":"passed","title":"should handle maximum length (12)","duration":0.2442999999998392,"failureMessages":[],"meta":{}},{"ancestorTitles":["generatePin","Edge Cases and Boundary Conditions"],"fullName":"generatePin Edge Cases and Boundary Conditions should generate different PINs on multiple calls","status":"passed","title":"should generate different PINs on multiple calls","duration":0.15949999999975262,"failureMessages":[],"meta":{}},{"ancestorTitles":["generatePin","Edge Cases and Boundary Conditions"],"fullName":"generatePin Edge Cases and Boundary Conditions should handle length between min and max","status":"passed","title":"should handle length between min and max","duration":0.14580000000023574,"failureMessages":[],"meta":{}},{"ancestorTitles":["generatePin","Security and Randomness"],"fullName":"generatePin Security and Randomness should use Web Crypto API for random generation","status":"passed","title":"should use Web Crypto API for random generation","duration":0.15489999999999782,"failureMessages":[],"meta":{}},{"ancestorTitles":["generatePin","Security and Randomness"],"fullName":"generatePin Security and Randomness should generate cryptographically secure PINs","status":"passed","title":"should generate cryptographically secure PINs","duration":0.639100000000326,"failureMessages":[],"meta":{}},{"ancestorTitles":["generatePin","Performance"],"fullName":"generatePin Performance should generate PIN within performance target","status":"passed","title":"should generate PIN within performance target","duration":0.16660000000001673,"failureMessages":[],"meta":{}},{"ancestorTitles":["generatePin","Performance"],"fullName":"generatePin Performance should generate multiple PINs efficiently","status":"passed","title":"should generate multiple PINs efficiently","duration":0.8847999999998137,"failureMessages":[],"meta":{}},{"ancestorTitles":["generatePassphrase","Basic Functionality"],"fullName":"generatePassphrase Basic Functionality should generate a passphrase with correct word count","status":"passed","title":"should generate a passphrase with correct word count","duration":0.26949999999987995,"failureMessages":[],"meta":{}},{"ancestorTitles":["generatePassphrase","Basic Functionality"],"fullName":"generatePassphrase Basic Functionality should generate a passphrase with default word count of 4","status":"passed","title":"should generate a passphrase with default word count of 4","duration":0.20109999999976935,"failureMessages":[],"meta":{}},{"ancestorTitles":["generatePassphrase","Basic Functionality"],"fullName":"generatePassphrase Basic Functionality should generate a passphrase with maximum word count of 10","status":"passed","title":"should generate a passphrase with maximum word count of 10","duration":0.1878999999998996,"failureMessages":[],"meta":{}},{"ancestorTitles":["generatePassphrase","Basic Functionality"],"fullName":"generatePassphrase Basic Functionality should use hyphen separator by default","status":"passed","title":"should use hyphen separator by default","duration":0.2941000000000713,"failureMessages":[],"meta":{}},{"ancestorTitles":["generatePassphrase","Separator Options"],"fullName":"generatePassphrase Separator Options should use space separator","status":"passed","title":"should use space separator","duration":0.12729999999965003,"failureMessages":[],"meta":{}},{"ancestorTitles":["generatePassphrase","Separator Options"],"fullName":"generatePassphrase Separator Options should use hyphen separator","status":"passed","title":"should use hyphen separator","duration":0.11380000000008295,"failureMessages":[],"meta":{}},{"ancestorTitles":["generatePassphrase","Separator Options"],"fullName":"generatePassphrase Separator Options should use underscore separator","status":"passed","title":"should use underscore separator","duration":0.15579999999999927,"failureMessages":[],"meta":{}},{"ancestorTitles":["generatePassphrase","Separator Options"],"fullName":"generatePassphrase Separator Options should use period separator","status":"passed","title":"should use period separator","duration":0.3128999999998996,"failureMessages":[],"meta":{}},{"ancestorTitles":["generatePassphrase","Word Properties"],"fullName":"generatePassphrase Word Properties should generate passphrases with lowercase words","status":"passed","title":"should generate passphrases with lowercase words","duration":0.3308999999999287,"failureMessages":[],"meta":{}},{"ancestorTitles":["generatePassphrase","Word Properties"],"fullName":"generatePassphrase Word Properties should generate passphrases with reasonable word lengths","status":"passed","title":"should generate passphrases with reasonable word lengths","duration":0.45939999999973224,"failureMessages":[],"meta":{}},{"ancestorTitles":["generatePassphrase","Word Properties"],"fullName":"generatePassphrase Word Properties should not include special characters in words","status":"passed","title":"should not include special characters in words","duration":0.35750000000007276,"failureMessages":[],"meta":{}},{"ancestorTitles":["generatePassphrase","Edge Cases and Boundary Conditions"],"fullName":"generatePassphrase Edge Cases and Boundary Conditions should handle minimum word count (4)","status":"passed","title":"should handle minimum word count (4)","duration":0.15599999999994907,"failureMessages":[],"meta":{}},{"ancestorTitles":["generatePassphrase","Edge Cases and Boundary Conditions"],"fullName":"generatePassphrase Edge Cases and Boundary Conditions should handle maximum word count (10)","status":"passed","title":"should handle maximum word count (10)","duration":0.13590000000021973,"failureMessages":[],"meta":{}},{"ancestorTitles":["generatePassphrase","Edge Cases and Boundary Conditions"],"fullName":"generatePassphrase Edge Cases and Boundary Conditions should generate different passphrases on multiple calls","status":"passed","title":"should generate different passphrases on multiple calls","duration":0.13479999999981374,"failureMessages":[],"meta":{}},{"ancestorTitles":["generatePassphrase","Edge Cases and Boundary Conditions"],"fullName":"generatePassphrase Edge Cases and Boundary Conditions should handle word count between min and max","status":"passed","title":"should handle word count between min and max","duration":0.14420000000018263,"failureMessages":[],"meta":{}},{"ancestorTitles":["generatePassphrase","Edge Cases and Boundary Conditions"],"fullName":"generatePassphrase Edge Cases and Boundary Conditions should handle empty separator (no separator)","status":"passed","title":"should handle empty separator (no separator)","duration":0.17669999999998254,"failureMessages":[],"meta":{}},{"ancestorTitles":["generatePassphrase","Security and Randomness"],"fullName":"generatePassphrase Security and Randomness should use Web Crypto API for random generation","status":"passed","title":"should use Web Crypto API for random generation","duration":0.16069999999990614,"failureMessages":[],"meta":{}},{"ancestorTitles":["generatePassphrase","Security and Randomness"],"fullName":"generatePassphrase Security and Randomness should generate cryptographically secure passphrases","status":"passed","title":"should generate cryptographically secure passphrases","duration":0.9337999999997919,"failureMessages":[],"meta":{}},{"ancestorTitles":["generatePassphrase","Performance"],"fullName":"generatePassphrase Performance should generate passphrase within performance target","status":"passed","title":"should generate passphrase within performance target","duration":0.37370000000009895,"failureMessages":[],"meta":{}},{"ancestorTitles":["generatePassphrase","Performance"],"fullName":"generatePassphrase Performance should generate multiple passphrases efficiently","status":"passed","title":"should generate multiple passphrases efficiently","duration":0.9468999999999141,"failureMessages":[],"meta":{}}],"startTime":1771828121881,"endTime":1771828121917.947,"status":"failed","message":"","name":"C:/Users/Clement/Desktop/test/nextjs-password-generator/tests/unit/crypto.test.ts"},{"assertionResults":[{"ancestorTitles":["Simple Test"],"fullName":"Simple Test should work","status":"passed","title":"should work","duration":2.08420000000001,"failureMessages":[],"meta":{}}],"startTime":1771828121962,"endTime":1771828121964.0842,"status":"passed","message":"","name":"C:/Users/Clement/Desktop/test/nextjs-password-generator/tests/unit/simple.test.ts"},{"assertionResults":[{"ancestorTitles":["calculatePasswordStrength","VERY_WEAK Strength Level"],"fullName":"calculatePasswordStrength VERY_WEAK Strength Level should return VERY_WEAK for very short passwords with only lowercase","status":"failed","title":"should return VERY_WEAK for very short passwords with only lowercase","duration":9.435899999999947,"failureMessages":["AssertionError: expected 'WEAK' to be 'VERY_WEAK' // Object.is equality\n    at C:/Users/Clement/Desktop/test/nextjs-password-generator/tests/unit/strength.test.ts:18:28\n    at file:///C:/Users/Clement/Desktop/test/nextjs-password-generator/node_modules/@vitest/runner/dist/index.js:145:11\n    at file:///C:/Users/Clement/Desktop/test/nextjs-password-generator/node_modules/@vitest/runner/dist/index.js:915:26\n    at file:///C:/Users/Clement/Desktop/test/nextjs-password-generator/node_modules/@vitest/runner/dist/index.js:1243:20\n    at new Promise (<anonymous>)\n    at runWithTimeout (file:///C:/Users/Clement/Desktop/test/nextjs-password-generator/node_modules/@vitest/runner/dist/index.js:1209:10)\n    at file:///C:/Users/Clement/Desktop/test/nextjs-password-generator/node_modules/@vitest/runner/dist/index.js:1653:37\n    at Traces.$ (file:///C:/Users/Clement/Desktop/test/nextjs-password-generator/node_modules/vitest/dist/chunks/traces.CCmnQaNT.js:142:27)\n    at trace (file:///C:/Users/Clement/Desktop/test/nextjs-password-generator/node_modules/vitest/dist/chunks/test.B8ej_ZHS.js:239:21)\n    at runTest (file:///C:/Users/Clement/Desktop/test/nextjs-password-generator/node_modules/@vitest/runner/dist/index.js:1653:12)"],"meta":{}},{"ancestorTitles":["calculatePasswordStrength","VERY_WEAK Strength Level"],"fullName":"calculatePasswordStrength VERY_WEAK Strength Level should return VERY_WEAK for short passwords with limited character types","status":"failed","title":"should return VERY_WEAK for short passwords with limited character types","duration":1.1406000000001768,"failureMessages":["AssertionError: expected 'WEAK' to be 'VERY_WEAK' // Object.is equality\n    at C:/Users/Clement/Desktop/test/nextjs-password-generator/tests/unit/strength.test.ts:30:28\n    at file:///C:/Users/Clement/Desktop/test/nextjs-password-generator/node_modules/@vitest/runner/dist/index.js:145:11\n    at file:///C:/Users/Clement/Desktop/test/nextjs-password-generator/node_modules/@vitest/runner/dist/index.js:915:26\n    at file:///C:/Users/Clement/Desktop/test/nextjs-password-generator/node_modules/@vitest/runner/dist/index.js:1243:20\n    at new Promise (<anonymous>)\n    at runWithTimeout (file:///C:/Users/Clement/Desktop/test/nextjs-password-generator/node_modules/@vitest/runner/dist/index.js:1209:10)\n    at file:///C:/Users/Clement/Desktop/test/nextjs-password-generator/node_modules/@vitest/runner/dist/index.js:1653:37\n    at Traces.$ (file:///C:/Users/Clement/Desktop/test/nextjs-password-generator/node_modules/vitest/dist/chunks/traces.CCmnQaNT.js:142:27)\n    at trace (file:///C:/Users/Clement/Desktop/test/nextjs-password-generator/node_modules/vitest/dist/chunks/test.B8ej_ZHS.js:239:21)\n    at runTest (file:///C:/Users/Clement/Desktop/test/nextjs-password-generator/node_modules/@vitest/runner/dist/index.js:1653:12)"],"meta":{}},{"ancestorTitles":["calculatePasswordStrength","VERY_WEAK Strength Level"],"fullName":"calculatePasswordStrength VERY_WEAK Strength Level should return VERY_WEAK for minimum length with single character type","status":"failed","title":"should return VERY_WEAK for minimum length with single character type","duration":0.8733000000001994,"failureMessages":["AssertionError: expected 'WEAK' to be 'VERY_WEAK' // Object.is equality\n    at C:/Users/Clement/Desktop/test/nextjs-password-generator/tests/unit/strength.test.ts:42:28\n    at file:///C:/Users/Clement/Desktop/test/nextjs-password-generator/node_modules/@vitest/runner/dist/index.js:145:11\n    at file:///C:/Users/Clement/Desktop/test/nextjs-password-generator/node_modules/@vitest/runner/dist/index.js:915:26\n    at file:///C:/Users/Clement/Desktop/test/nextjs-password-generator/node_modules/@vitest/runner/dist/index.js:1243:20\n    at new Promise (<anonymous>)\n    at runWithTimeout (file:///C:/Users/Clement/Desktop/test/nextjs-password-generator/node_modules/@vitest/runner/dist/index.js:1209:10)\n    at file:///C:/Users/Clement/Desktop/test/nextjs-password-generator/node_modules/@vitest/runner/dist/index.js:1653:37\n    at Traces.$ (file:///C:/Users/Clement/Desktop/test/nextjs-password-generator/node_modules/vitest/dist/chunks/traces.CCmnQaNT.js:142:27)\n    at trace (file:///C:/Users/Clement/Desktop/test/nextjs-password-generator/node_modules/vitest/dist/chunks/test.B8ej_ZHS.js:239:21)\n    at runTest (file:///C:/Users/Clement/Desktop/test/nextjs-password-generator/node_modules/@vitest/runner/dist/index.js:1653:12)"],"meta":{}},{"ancestorTitles":["calculatePasswordStrength","WEAK Strength Level"],"fullName":"calculatePasswordStrength WEAK Strength Level should return WEAK for short passwords with only lowercase","status":"passed","title":"should return WEAK for short passwords with only lowercase","duration":0.5487999999995736,"failureMessages":[],"meta":{}},{"ancestorTitles":["calculatePasswordStrength","WEAK Strength Level"],"fullName":"calculatePasswordStrength WEAK Strength Level should return WEAK for passwords with lowercase and digits","status":"passed","title":"should return WEAK for passwords with lowercase and digits","duration":0.2845999999999549,"failureMessages":[],"meta":{}},{"ancestorTitles":["calculatePasswordStrength","WEAK Strength Level"],"fullName":"calculatePasswordStrength WEAK Strength Level should return WEAK for passwords with lowercase and uppercase","status":"passed","title":"should return WEAK for passwords with lowercase and uppercase","duration":0.30209999999988213,"failureMessages":[],"meta":{}},{"ancestorTitles":["calculatePasswordStrength","WEAK Strength Level"],"fullName":"calculatePasswordStrength WEAK Strength Level should return WEAK for passwords with lowercase and symbols","status":"passed","title":"should return WEAK for passwords with lowercase and symbols","duration":0.2590999999997621,"failureMessages":[],"meta":{}},{"ancestorTitles":["calculatePasswordStrength","MODERATE Strength Level"],"fullName":"calculatePasswordStrength MODERATE Strength Level should return MODERATE for passwords with lowercase, uppercase, and digits","status":"failed","title":"should return MODERATE for passwords with lowercase, uppercase, and digits","duration":0.712800000000243,"failureMessages":["AssertionError: expected 60 to be less than 60\n    at C:/Users/Clement/Desktop/test/nextjs-password-generator/tests/unit/strength.test.ts:108:28\n    at file:///C:/Users/Clement/Desktop/test/nextjs-password-generator/node_modules/@vitest/runner/dist/index.js:145:11\n    at file:///C:/Users/Clement/Desktop/test/nextjs-password-generator/node_modules/@vitest/runner/dist/index.js:915:26\n    at file:///C:/Users/Clement/Desktop/test/nextjs-password-generator/node_modules/@vitest/runner/dist/index.js:1243:20\n    at new Promise (<anonymous>)\n    at runWithTimeout (file:///C:/Users/Clement/Desktop/test/nextjs-password-generator/node_modules/@vitest/runner/dist/index.js:1209:10)\n    at file:///C:/Users/Clement/Desktop/test/nextjs-password-generator/node_modules/@vitest/runner/dist/index.js:1653:37\n    at Traces.$ (file:///C:/Users/Clement/Desktop/test/nextjs-password-generator/node_modules/vitest/dist/chunks/traces.CCmnQaNT.js:142:27)\n    at trace (file:///C:/Users/Clement/Desktop/test/nextjs-password-generator/node_modules/vitest/dist/chunks/test.B8ej_ZHS.js:239:21)\n    at runTest (file:///C:/Users/Clement/Desktop/test/nextjs-password-generator/node_modules/@vitest/runner/dist/index.js:1653:12)"],"meta":{}},{"ancestorTitles":["calculatePasswordStrength","MODERATE Strength Level"],"fullName":"calculatePasswordStrength MODERATE Strength Level should return MODERATE for passwords with lowercase, uppercase, and symbols","status":"failed","title":"should return MODERATE for passwords with lowercase, uppercase, and symbols","duration":1.8787999999999556,"failureMessages":["AssertionError: expected 'STRONG' to be 'MODERATE' // Object.is equality\n    at C:/Users/Clement/Desktop/test/nextjs-password-generator/tests/unit/strength.test.ts:118:28\n    at file:///C:/Users/Clement/Desktop/test/nextjs-password-generator/node_modules/@vitest/runner/dist/index.js:145:11\n    at file:///C:/Users/Clement/Desktop/test/nextjs-password-generator/node_modules/@vitest/runner/dist/index.js:915:26\n    at file:///C:/Users/Clement/Desktop/test/nextjs-password-generator/node_modules/@vitest/runner/dist/index.js:1243:20\n    at new Promise (<anonymous>)\n    at runWithTimeout (file:///C:/Users/Clement/Desktop/test/nextjs-password-generator/node_modules/@vitest/runner/dist/index.js:1209:10)\n    at file:///C:/Users/Clement/Desktop/test/nextjs-password-generator/node_modules/@vitest/runner/dist/index.js:1653:37\n    at Traces.$ (file:///C:/Users/Clement/Desktop/test/nextjs-password-generator/node_modules/vitest/dist/chunks/traces.CCmnQaNT.js:142:27)\n    at trace (file:///C:/Users/Clement/Desktop/test/nextjs-password-generator/node_modules/vitest/dist/chunks/test.B8ej_ZHS.js:239:21)\n    at runTest (file:///C:/Users/Clement/Desktop/test/nextjs-password-generator/node_modules/@vitest/runner/dist/index.js:1653:12)"],"meta":{}},{"ancestorTitles":["calculatePasswordStrength","MODERATE Strength Level"],"fullName":"calculatePasswordStrength MODERATE Strength Level should return MODERATE for passwords with all character types but shorter length","status":"passed","title":"should return MODERATE for passwords with all character types but shorter length","duration":0.8318999999996777,"failureMessages":[],"meta":{}},{"ancestorTitles":["calculatePasswordStrength","STRONG Strength Level"],"fullName":"calculatePasswordStrength STRONG Strength Level should return STRONG for passwords with all character types and good length","status":"passed","title":"should return STRONG for passwords with all character types and good length","duration":0.24490000000014334,"failureMessages":[],"meta":{}},{"ancestorTitles":["calculatePasswordStrength","STRONG Strength Level"],"fullName":"calculatePasswordStrength STRONG Strength Level should return STRONG for long passwords with three character types","status":"passed","title":"should return STRONG for long passwords with three character types","duration":0.22530000000006112,"failureMessages":[],"meta":{}},{"ancestorTitles":["calculatePasswordStrength","VERY_STRONG Strength Level"],"fullName":"calculatePasswordStrength VERY_STRONG Strength Level should return VERY_STRONG for passwords with all character types and good length","status":"passed","title":"should return VERY_STRONG for passwords with all character types and good length","duration":0.35710000000017317,"failureMessages":[],"meta":{}},{"ancestorTitles":["calculatePasswordStrength","VERY_STRONG Strength Level"],"fullName":"calculatePasswordStrength VERY_STRONG Strength Level should return VERY_STRONG for long passwords with all character types","status":"passed","title":"should return VERY_STRONG for long passwords with all character types","duration":0.2804999999998472,"failureMessages":[],"meta":{}},{"ancestorTitles":["calculatePasswordStrength","VERY_STRONG Strength Level"],"fullName":"calculatePasswordStrength VERY_STRONG Strength Level should return VERY_STRONG for maximum length with all character types","status":"passed","title":"should return VERY_STRONG for maximum length with all character types","duration":0.15869999999995343,"failureMessages":[],"meta":{}},{"ancestorTitles":["calculatePasswordStrength","Score Calculation"],"fullName":"calculatePasswordStrength Score Calculation should increase score with longer passwords","status":"passed","title":"should increase score with longer passwords","duration":0.18080000000009022,"failureMessages":[],"meta":{}},{"ancestorTitles":["calculatePasswordStrength","Score Calculation"],"fullName":"calculatePasswordStrength Score Calculation should increase score with more character types","status":"passed","title":"should increase score with more character types","duration":0.13770000000022264,"failureMessages":[],"meta":{}},{"ancestorTitles":["calculatePasswordStrength","Score Calculation"],"fullName":"calculatePasswordStrength Score Calculation should cap score at 100","status":"passed","title":"should cap score at 100","duration":0.15359999999964202,"failureMessages":[],"meta":{}},{"ancestorTitles":["calculatePasswordStrength","Score Calculation"],"fullName":"calculatePasswordStrength Score Calculation should ensure score is at least 0","status":"passed","title":"should ensure score is at least 0","duration":0.12399999999979627,"failureMessages":[],"meta":{}},{"ancestorTitles":["calculatePasswordStrength","Entropy Calculation"],"fullName":"calculatePasswordStrength Entropy Calculation should calculate entropy correctly for character set size","status":"passed","title":"should calculate entropy correctly for character set size","duration":0.14730000000008658,"failureMessages":[],"meta":{}},{"ancestorTitles":["calculatePasswordStrength","Entropy Calculation"],"fullName":"calculatePasswordStrength Entropy Calculation should increase entropy with longer passwords","status":"passed","title":"should increase entropy with longer passwords","duration":0.1295999999997548,"failureMessages":[],"meta":{}},{"ancestorTitles":["calculatePasswordStrength","Entropy Calculation"],"fullName":"calculatePasswordStrength Entropy Calculation should increase entropy with more character types","status":"passed","title":"should increase entropy with more character types","duration":0.11479999999983193,"failureMessages":[],"meta":{}},{"ancestorTitles":["calculatePasswordStrength","Entropy Calculation"],"fullName":"calculatePasswordStrength Entropy Calculation should round entropy to 2 decimal places","status":"passed","title":"should round entropy to 2 decimal places","duration":0.13009999999985666,"failureMessages":[],"meta":{}},{"ancestorTitles":["calculatePasswordStrength","Edge Cases and Boundary Conditions"],"fullName":"calculatePasswordStrength Edge Cases and Boundary Conditions should handle minimum length (8 characters)","status":"passed","title":"should handle minimum length (8 characters)","duration":0.24000000000023647,"failureMessages":[],"meta":{}},{"ancestorTitles":["calculatePasswordStrength","Edge Cases and Boundary Conditions"],"fullName":"calculatePasswordStrength Edge Cases and Boundary Conditions should handle maximum length (50 characters)","status":"passed","title":"should handle maximum length (50 characters)","duration":0.1514999999999418,"failureMessages":[],"meta":{}},{"ancestorTitles":["calculatePasswordStrength","Edge Cases and Boundary Conditions"],"fullName":"calculatePasswordStrength Edge Cases and Boundary Conditions should handle length between min and max","status":"passed","title":"should handle length between min and max","duration":0.17410000000018044,"failureMessages":[],"meta":{}},{"ancestorTitles":["calculatePasswordStrength","Edge Cases and Boundary Conditions"],"fullName":"calculatePasswordStrength Edge Cases and Boundary Conditions should handle single character type (lowercase only)","status":"passed","title":"should handle single character type (lowercase only)","duration":0.18080000000009022,"failureMessages":[],"meta":{}},{"ancestorTitles":["calculatePasswordStrength","Edge Cases and Boundary Conditions"],"fullName":"calculatePasswordStrength Edge Cases and Boundary Conditions should handle single character type (digits only)","status":"passed","title":"should handle single character type (digits only)","duration":0.17020000000002256,"failureMessages":[],"meta":{}},{"ancestorTitles":["calculatePasswordStrength","Edge Cases and Boundary Conditions"],"fullName":"calculatePasswordStrength Edge Cases and Boundary Conditions should handle all character types disabled (edge case)","status":"failed","title":"should handle all character types disabled (edge case)","duration":2.6730999999999767,"failureMessages":["AssertionError: expected -Infinity to be +0 // Object.is equality\n    at C:/Users/Clement/Desktop/test/nextjs-password-generator/tests/unit/strength.test.ts:386:30\n    at file:///C:/Users/Clement/Desktop/test/nextjs-password-generator/node_modules/@vitest/runner/dist/index.js:145:11\n    at file:///C:/Users/Clement/Desktop/test/nextjs-password-generator/node_modules/@vitest/runner/dist/index.js:915:26\n    at file:///C:/Users/Clement/Desktop/test/nextjs-password-generator/node_modules/@vitest/runner/dist/index.js:1243:20\n    at new Promise (<anonymous>)\n    at runWithTimeout (file:///C:/Users/Clement/Desktop/test/nextjs-password-generator/node_modules/@vitest/runner/dist/index.js:1209:10)\n    at file:///C:/Users/Clement/Desktop/test/nextjs-password-generator/node_modules/@vitest/runner/dist/index.js:1653:37\n    at Traces.$ (file:///C:/Users/Clement/Desktop/test/nextjs-password-generator/node_modules/vitest/dist/chunks/traces.CCmnQaNT.js:142:27)\n    at trace (file:///C:/Users/Clement/Desktop/test/nextjs-password-generator/node_modules/vitest/dist/chunks/test.B8ej_ZHS.js:239:21)\n    at runTest (file:///C:/Users/Clement/Desktop/test/nextjs-password-generator/node_modules/@vitest/runner/dist/index.js:1653:12)"],"meta":{}},{"ancestorTitles":["calculatePasswordStrength","Character Set Combinations"],"fullName":"calculatePasswordStrength Character Set Combinations should calculate correct character set size for lowercase only","status":"passed","title":"should calculate correct character set size for lowercase only","duration":0.593199999999797,"failureMessages":[],"meta":{}},{"ancestorTitles":["calculatePasswordStrength","Character Set Combinations"],"fullName":"calculatePasswordStrength Character Set Combinations should calculate correct character set size for lowercase + uppercase","status":"passed","title":"should calculate correct character set size for lowercase + uppercase","duration":0.2539999999999054,"failureMessages":[],"meta":{}},{"ancestorTitles":["calculatePasswordStrength","Character Set Combinations"],"fullName":"calculatePasswordStrength Character Set Combinations should calculate correct character set size for lowercase + digits","status":"passed","title":"should calculate correct character set size for lowercase + digits","duration":0.13869999999997162,"failureMessages":[],"meta":{}},{"ancestorTitles":["calculatePasswordStrength","Character Set Combinations"],"fullName":"calculatePasswordStrength Character Set Combinations should calculate correct character set size for all character types","status":"passed","title":"should calculate correct character set size for all character types","duration":0.13939999999956854,"failureMessages":[],"meta":{}},{"ancestorTitles":["calculatePinStrength","Basic Functionality"],"fullName":"calculatePinStrength Basic Functionality should return a StrengthResult object","status":"passed","title":"should return a StrengthResult object","duration":0.6659999999997126,"failureMessages":[],"meta":{}},{"ancestorTitles":["calculatePinStrength","Basic Functionality"],"fullName":"calculatePinStrength Basic Functionality should return a valid StrengthLevel","status":"passed","title":"should return a valid StrengthLevel","duration":1.0338999999999032,"failureMessages":[],"meta":{}},{"ancestorTitles":["calculatePinStrength","Basic Functionality"],"fullName":"calculatePinStrength Basic Functionality should return a score between 0 and 100","status":"passed","title":"should return a score between 0 and 100","duration":0.22020000000020445,"failureMessages":[],"meta":{}},{"ancestorTitles":["calculatePinStrength","Basic Functionality"],"fullName":"calculatePinStrength Basic Functionality should return non-negative entropy","status":"passed","title":"should return non-negative entropy","duration":0.1426000000001295,"failureMessages":[],"meta":{}},{"ancestorTitles":["calculatePinStrength","Strength Levels"],"fullName":"calculatePinStrength Strength Levels should return VERY_WEAK for short PINs (3 digits)","status":"passed","title":"should return VERY_WEAK for short PINs (3 digits)","duration":0.1805000000003929,"failureMessages":[],"meta":{}},{"ancestorTitles":["calculatePinStrength","Strength Levels"],"fullName":"calculatePinStrength Strength Levels should return WEAK for medium-short PINs (4 digits)","status":"failed","title":"should return WEAK for medium-short PINs (4 digits)","duration":0.7583999999997104,"failureMessages":["AssertionError: expected 'VERY_WEAK' to be 'WEAK' // Object.is equality\n    at C:/Users/Clement/Desktop/test/nextjs-password-generator/tests/unit/strength.test.ts:474:28\n    at file:///C:/Users/Clement/Desktop/test/nextjs-password-generator/node_modules/@vitest/runner/dist/index.js:145:11\n    at file:///C:/Users/Clement/Desktop/test/nextjs-password-generator/node_modules/@vitest/runner/dist/index.js:915:26\n    at file:///C:/Users/Clement/Desktop/test/nextjs-password-generator/node_modules/@vitest/runner/dist/index.js:1243:20\n    at new Promise (<anonymous>)\n    at runWithTimeout (file:///C:/Users/Clement/Desktop/test/nextjs-password-generator/node_modules/@vitest/runner/dist/index.js:1209:10)\n    at file:///C:/Users/Clement/Desktop/test/nextjs-password-generator/node_modules/@vitest/runner/dist/index.js:1653:37\n    at Traces.$ (file:///C:/Users/Clement/Desktop/test/nextjs-password-generator/node_modules/vitest/dist/chunks/traces.CCmnQaNT.js:142:27)\n    at trace (file:///C:/Users/Clement/Desktop/test/nextjs-password-generator/node_modules/vitest/dist/chunks/test.B8ej_ZHS.js:239:21)\n    at runTest (file:///C:/Users/Clement/Desktop/test/nextjs-password-generator/node_modules/@vitest/runner/dist/index.js:1653:12)"],"meta":{}},{"ancestorTitles":["calculatePinStrength","Strength Levels"],"fullName":"calculatePinStrength Strength Levels should return MODERATE for medium PINs (6 digits)","status":"failed","title":"should return MODERATE for medium PINs (6 digits)","duration":0.979200000000219,"failureMessages":["AssertionError: expected 'VERY_WEAK' to be 'MODERATE' // Object.is equality\n    at C:/Users/Clement/Desktop/test/nextjs-password-generator/tests/unit/strength.test.ts:481:28\n    at file:///C:/Users/Clement/Desktop/test/nextjs-password-generator/node_modules/@vitest/runner/dist/index.js:145:11\n    at file:///C:/Users/Clement/Desktop/test/nextjs-password-generator/node_modules/@vitest/runner/dist/index.js:915:26\n    at file:///C:/Users/Clement/Desktop/test/nextjs-password-generator/node_modules/@vitest/runner/dist/index.js:1243:20\n    at new Promise (<anonymous>)\n    at runWithTimeout (file:///C:/Users/Clement/Desktop/test/nextjs-password-generator/node_modules/@vitest/runner/dist/index.js:1209:10)\n    at file:///C:/Users/Clement/Desktop/test/nextjs-password-generator/node_modules/@vitest/runner/dist/index.js:1653:37\n    at Traces.$ (file:///C:/Users/Clement/Desktop/test/nextjs-password-generator/node_modules/vitest/dist/chunks/traces.CCmnQaNT.js:142:27)\n    at trace (file:///C:/Users/Clement/Desktop/test/nextjs-password-generator/node_modules/vitest/dist/chunks/test.B8ej_ZHS.js:239:21)\n    at runTest (file:///C:/Users/Clement/Desktop/test/nextjs-password-generator/node_modules/@vitest/runner/dist/index.js:1653:12)"],"meta":{}},{"ancestorTitles":["calculatePinStrength","Strength Levels"],"fullName":"calculatePinStrength Strength Levels should return STRONG for long PINs (8 digits)","status":"failed","title":"should return STRONG for long PINs (8 digits)","duration":0.6315999999997075,"failureMessages":["AssertionError: expected 'WEAK' to be 'STRONG' // Object.is equality\n    at C:/Users/Clement/Desktop/test/nextjs-password-generator/tests/unit/strength.test.ts:488:28\n    at file:///C:/Users/Clement/Desktop/test/nextjs-password-generator/node_modules/@vitest/runner/dist/index.js:145:11\n    at file:///C:/Users/Clement/Desktop/test/nextjs-password-generator/node_modules/@vitest/runner/dist/index.js:915:26\n    at file:///C:/Users/Clement/Desktop/test/nextjs-password-generator/node_modules/@vitest/runner/dist/index.js:1243:20\n    at new Promise (<anonymous>)\n    at runWithTimeout (file:///C:/Users/Clement/Desktop/test/nextjs-password-generator/node_modules/@vitest/runner/dist/index.js:1209:10)\n    at file:///C:/Users/Clement/Desktop/test/nextjs-password-generator/node_modules/@vitest/runner/dist/index.js:1653:37\n    at Traces.$ (file:///C:/Users/Clement/Desktop/test/nextjs-password-generator/node_modules/vitest/dist/chunks/traces.CCmnQaNT.js:142:27)\n    at trace (file:///C:/Users/Clement/Desktop/test/nextjs-password-generator/node_modules/vitest/dist/chunks/test.B8ej_ZHS.js:239:21)\n    at runTest (file:///C:/Users/Clement/Desktop/test/nextjs-password-generator/node_modules/@vitest/runner/dist/index.js:1653:12)"],"meta":{}},{"ancestorTitles":["calculatePinStrength","Strength Levels"],"fullName":"calculatePinStrength Strength Levels should return VERY_STRONG for very long PINs (12 digits)","status":"failed","title":"should return VERY_STRONG for very long PINs (12 digits)","duration":1.1855000000000473,"failureMessages":["AssertionError: expected 'WEAK' to be 'VERY_STRONG' // Object.is equality\n    at C:/Users/Clement/Desktop/test/nextjs-password-generator/tests/unit/strength.test.ts:495:28\n    at file:///C:/Users/Clement/Desktop/test/nextjs-password-generator/node_modules/@vitest/runner/dist/index.js:145:11\n    at file:///C:/Users/Clement/Desktop/test/nextjs-password-generator/node_modules/@vitest/runner/dist/index.js:915:26\n    at file:///C:/Users/Clement/Desktop/test/nextjs-password-generator/node_modules/@vitest/runner/dist/index.js:1243:20\n    at new Promise (<anonymous>)\n    at runWithTimeout (file:///C:/Users/Clement/Desktop/test/nextjs-password-generator/node_modules/@vitest/runner/dist/index.js:1209:10)\n    at file:///C:/Users/Clement/Desktop/test/nextjs-password-generator/node_modules/@vitest/runner/dist/index.js:1653:37\n    at Traces.$ (file:///C:/Users/Clement/Desktop/test/nextjs-password-generator/node_modules/vitest/dist/chunks/traces.CCmnQaNT.js:142:27)\n    at trace (file:///C:/Users/Clement/Desktop/test/nextjs-password-generator/node_modules/vitest/dist/chunks/test.B8ej_ZHS.js:239:21)\n    at runTest (file:///C:/Users/Clement/Desktop/test/nextjs-password-generator/node_modules/@vitest/runner/dist/index.js:1653:12)"],"meta":{}},{"ancestorTitles":["calculatePinStrength","Entropy Calculation"],"fullName":"calculatePinStrength Entropy Calculation should calculate entropy based on PIN length and digit set size","status":"passed","title":"should calculate entropy based on PIN length and digit set size","duration":0.3524000000002161,"failureMessages":[],"meta":{}},{"ancestorTitles":["calculatePinStrength","Entropy Calculation"],"fullName":"calculatePinStrength Entropy Calculation should increase entropy with longer PINs","status":"passed","title":"should increase entropy with longer PINs","duration":0.34160000000019863,"failureMessages":[],"meta":{}},{"ancestorTitles":["calculatePinStrength","Entropy Calculation"],"fullName":"calculatePinStrength Entropy Calculation should round entropy to 2 decimal places","status":"passed","title":"should round entropy to 2 decimal places","duration":0.1487000000001899,"failureMessages":[],"meta":{}},{"ancestorTitles":["calculatePinStrength","Edge Cases and Boundary Conditions"],"fullName":"calculatePinStrength Edge Cases and Boundary Conditions should handle minimum length (3 digits)","status":"passed","title":"should handle minimum length (3 digits)","duration":0.2802999999998974,"failureMessages":[],"meta":{}},{"ancestorTitles":["calculatePinStrength","Edge Cases and Boundary Conditions"],"fullName":"calculatePinStrength Edge Cases and Boundary Conditions should handle maximum length (12 digits)","status":"failed","title":"should handle maximum length (12 digits)","duration":0.7022999999999229,"failureMessages":["AssertionError: expected 'WEAK' to be 'VERY_STRONG' // Object.is equality\n    at C:/Users/Clement/Desktop/test/nextjs-password-generator/tests/unit/strength.test.ts:530:28\n    at file:///C:/Users/Clement/Desktop/test/nextjs-password-generator/node_modules/@vitest/runner/dist/index.js:145:11\n    at file:///C:/Users/Clement/Desktop/test/nextjs-password-generator/node_modules/@vitest/runner/dist/index.js:915:26\n    at file:///C:/Users/Clement/Desktop/test/nextjs-password-generator/node_modules/@vitest/runner/dist/index.js:1243:20\n    at new Promise (<anonymous>)\n    at runWithTimeout (file:///C:/Users/Clement/Desktop/test/nextjs-password-generator/node_modules/@vitest/runner/dist/index.js:1209:10)\n    at file:///C:/Users/Clement/Desktop/test/nextjs-password-generator/node_modules/@vitest/runner/dist/index.js:1653:37\n    at Traces.$ (file:///C:/Users/Clement/Desktop/test/nextjs-password-generator/node_modules/vitest/dist/chunks/traces.CCmnQaNT.js:142:27)\n    at trace (file:///C:/Users/Clement/Desktop/test/nextjs-password-generator/node_modules/vitest/dist/chunks/test.B8ej_ZHS.js:239:21)\n    at runTest (file:///C:/Users/Clement/Desktop/test/nextjs-password-generator/node_modules/@vitest/runner/dist/index.js:1653:12)"],"meta":{}},{"ancestorTitles":["calculatePinStrength","Edge Cases and Boundary Conditions"],"fullName":"calculatePinStrength Edge Cases and Boundary Conditions should handle length between min and max","status":"passed","title":"should handle length between min and max","duration":0.3578000000002248,"failureMessages":[],"meta":{}},{"ancestorTitles":["calculatePinStrength","Edge Cases and Boundary Conditions"],"fullName":"calculatePinStrength Edge Cases and Boundary Conditions should cap score at 100","status":"passed","title":"should cap score at 100","duration":0.35390000000006694,"failureMessages":[],"meta":{}},{"ancestorTitles":["calculatePassphraseStrength","Basic Functionality"],"fullName":"calculatePassphraseStrength Basic Functionality should return a StrengthResult object","status":"passed","title":"should return a StrengthResult object","duration":0.4317000000000917,"failureMessages":[],"meta":{}},{"ancestorTitles":["calculatePassphraseStrength","Basic Functionality"],"fullName":"calculatePassphraseStrength Basic Functionality should return a valid StrengthLevel","status":"passed","title":"should return a valid StrengthLevel","duration":0.23829999999998108,"failureMessages":[],"meta":{}},{"ancestorTitles":["calculatePassphraseStrength","Basic Functionality"],"fullName":"calculatePassphraseStrength Basic Functionality should return a score between 0 and 100","status":"passed","title":"should return a score between 0 and 100","duration":0.1942999999996573,"failureMessages":[],"meta":{}},{"ancestorTitles":["calculatePassphraseStrength","Basic Functionality"],"fullName":"calculatePassphraseStrength Basic Functionality should return non-negative entropy","status":"passed","title":"should return non-negative entropy","duration":0.15810000000010405,"failureMessages":[],"meta":{}},{"ancestorTitles":["calculatePassphraseStrength","Strength Levels"],"fullName":"calculatePassphraseStrength Strength Levels should return MODERATE for minimum word count (4 words)","status":"passed","title":"should return MODERATE for minimum word count (4 words)","duration":0.22710000000006403,"failureMessages":[],"meta":{}},{"ancestorTitles":["calculatePassphraseStrength","Strength Levels"],"fullName":"calculatePassphraseStrength Strength Levels should return STRONG for medium word count (6 words)","status":"passed","title":"should return STRONG for medium word count (6 words)","duration":0.2941000000000713,"failureMessages":[],"meta":{}},{"ancestorTitles":["calculatePassphraseStrength","Strength Levels"],"fullName":"calculatePassphraseStrength Strength Levels should return VERY_STRONG for high word count (8 words)","status":"passed","title":"should return VERY_STRONG for high word count (8 words)","duration":0.17579999999998108,"failureMessages":[],"meta":{}},{"ancestorTitles":["calculatePassphraseStrength","Strength Levels"],"fullName":"calculatePassphraseStrength Strength Levels should return VERY_STRONG for maximum word count (10 words)","status":"passed","title":"should return VERY_STRONG for maximum word count (10 words)","duration":0.18489999999974316,"failureMessages":[],"meta":{}},{"ancestorTitles":["calculatePassphraseStrength","Entropy Calculation"],"fullName":"calculatePassphraseStrength Entropy Calculation should calculate entropy based on word count and EFF wordlist size","status":"passed","title":"should calculate entropy based on word count and EFF wordlist size","duration":0.16210000000000946,"failureMessages":[],"meta":{}},{"ancestorTitles":["calculatePassphraseStrength","Entropy Calculation"],"fullName":"calculatePassphraseStrength Entropy Calculation should increase entropy with more words","status":"passed","title":"should increase entropy with more words","duration":0.1574000000000524,"failureMessages":[],"meta":{}},{"ancestorTitles":["calculatePassphraseStrength","Entropy Calculation"],"fullName":"calculatePassphraseStrength Entropy Calculation should round entropy to 2 decimal places","status":"passed","title":"should round entropy to 2 decimal places","duration":0.16489999999976135,"failureMessages":[],"meta":{}},{"ancestorTitles":["calculatePassphraseStrength","Edge Cases and Boundary Conditions"],"fullName":"calculatePassphraseStrength Edge Cases and Boundary Conditions should handle minimum word count (4 words)","status":"passed","title":"should handle minimum word count (4 words)","duration":0.2242999999998574,"failureMessages":[],"meta":{}},{"ancestorTitles":["calculatePassphraseStrength","Edge Cases and Boundary Conditions"],"fullName":"calculatePassphraseStrength Edge Cases and Boundary Conditions should handle maximum word count (10 words)","status":"passed","title":"should handle maximum word count (10 words)","duration":0.19800000000032014,"failureMessages":[],"meta":{}},{"ancestorTitles":["calculatePassphraseStrength","Edge Cases and Boundary Conditions"],"fullName":"calculatePassphraseStrength Edge Cases and Boundary Conditions should handle word count between min and max","status":"passed","title":"should handle word count between min and max","duration":0.19970000000012078,"failureMessages":[],"meta":{}},{"ancestorTitles":["calculatePassphraseStrength","Edge Cases and Boundary Conditions"],"fullName":"calculatePassphraseStrength Edge Cases and Boundary Conditions should cap score at 100","status":"passed","title":"should cap score at 100","duration":0.1315999999997075,"failureMessages":[],"meta":{}},{"ancestorTitles":["calculatePassphraseStrength","Comparison with Password Strength"],"fullName":"calculatePassphraseStrength Comparison with Password Strength should have higher entropy than passwords of similar length","status":"failed","title":"should have higher entropy than passwords of similar length","duration":0.6049000000002707,"failureMessages":["AssertionError: expected 51.7 to be greater than 78.66\n    at C:/Users/Clement/Desktop/test/nextjs-password-generator/tests/unit/strength.test.ts:660:34\n    at file:///C:/Users/Clement/Desktop/test/nextjs-password-generator/node_modules/@vitest/runner/dist/index.js:145:11\n    at file:///C:/Users/Clement/Desktop/test/nextjs-password-generator/node_modules/@vitest/runner/dist/index.js:915:26\n    at file:///C:/Users/Clement/Desktop/test/nextjs-password-generator/node_modules/@vitest/runner/dist/index.js:1243:20\n    at new Promise (<anonymous>)\n    at runWithTimeout (file:///C:/Users/Clement/Desktop/test/nextjs-password-generator/node_modules/@vitest/runner/dist/index.js:1209:10)\n    at file:///C:/Users/Clement/Desktop/test/nextjs-password-generator/node_modules/@vitest/runner/dist/index.js:1653:37\n    at Traces.$ (file:///C:/Users/Clement/Desktop/test/nextjs-password-generator/node_modules/vitest/dist/chunks/traces.CCmnQaNT.js:142:27)\n    at trace (file:///C:/Users/Clement/Desktop/test/nextjs-password-generator/node_modules/vitest/dist/chunks/test.B8ej_ZHS.js:239:21)\n    at runTest (file:///C:/Users/Clement/Desktop/test/nextjs-password-generator/node_modules/@vitest/runner/dist/index.js:1653:12)"],"meta":{}},{"ancestorTitles":["calculatePassphraseStrength","Comparison with Password Strength"],"fullName":"calculatePassphraseStrength Comparison with Password Strength should have higher score than passwords of similar length","status":"failed","title":"should have higher score than passwords of similar length","duration":0.473700000000008,"failureMessages":["AssertionError: expected 43 to be greater than 66\n    at C:/Users/Clement/Desktop/test/nextjs-password-generator/tests/unit/strength.test.ts:671:32\n    at file:///C:/Users/Clement/Desktop/test/nextjs-password-generator/node_modules/@vitest/runner/dist/index.js:145:11\n    at file:///C:/Users/Clement/Desktop/test/nextjs-password-generator/node_modules/@vitest/runner/dist/index.js:915:26\n    at file:///C:/Users/Clement/Desktop/test/nextjs-password-generator/node_modules/@vitest/runner/dist/index.js:1243:20\n    at new Promise (<anonymous>)\n    at runWithTimeout (file:///C:/Users/Clement/Desktop/test/nextjs-password-generator/node_modules/@vitest/runner/dist/index.js:1209:10)\n    at file:///C:/Users/Clement/Desktop/test/nextjs-password-generator/node_modules/@vitest/runner/dist/index.js:1653:37\n    at Traces.$ (file:///C:/Users/Clement/Desktop/test/nextjs-password-generator/node_modules/vitest/dist/chunks/traces.CCmnQaNT.js:142:27)\n    at trace (file:///C:/Users/Clement/Desktop/test/nextjs-password-generator/node_modules/vitest/dist/chunks/test.B8ej_ZHS.js:239:21)\n    at runTest (file:///C:/Users/Clement/Desktop/test/nextjs-password-generator/node_modules/@vitest/runner/dist/index.js:1653:12)"],"meta":{}},{"ancestorTitles":["Strength Calculation Consistency"],"fullName":"Strength Calculation Consistency should use same maxEntropy for all strength calculations","status":"passed","title":"should use same maxEntropy for all strength calculations","duration":0.288300000000163,"failureMessages":[],"meta":{}},{"ancestorTitles":["Strength Calculation Consistency"],"fullName":"Strength Calculation Consistency should use same strength thresholds for all strength calculations","status":"passed","title":"should use same strength thresholds for all strength calculations","duration":0.41849999999976717,"failureMessages":[],"meta":{}}],"startTime":1771828119852,"endTime":1771828119891.4185,"status":"failed","message":"","name":"C:/Users/Clement/Desktop/test/nextjs-password-generator/tests/unit/strength.test.ts"},{"assertionResults":[{"ancestorTitles":["Home Page Component"],"fullName":"Home Page Component renders the main structure","status":"passed","title":"renders the main structure","duration":353.7121000000002,"failureMessages":[],"meta":{}},{"ancestorTitles":["Home Page Component"],"fullName":"Home Page Component renders all generator tabs","status":"passed","title":"renders all generator tabs","duration":92.14089999999987,"failureMessages":[],"meta":{}},{"ancestorTitles":["Home Page Component"],"fullName":"Home Page Component renders default password state from hook","status":"passed","title":"renders default password state from hook","duration":76.37959999999975,"failureMessages":[],"meta":{}},{"ancestorTitles":["Home Page Component"],"fullName":"Home Page Component calls password generate on refresh click","status":"passed","title":"calls password generate on refresh click","duration":152.10280000000012,"failureMessages":[],"meta":{}},{"ancestorTitles":["Home Page Component"],"fullName":"Home Page Component shows copy success toast on copy click","status":"passed","title":"shows copy success toast on copy click","duration":240.23790000000008,"failureMessages":[],"meta":{}},{"ancestorTitles":["Home Page Component"],"fullName":"Home Page Component runs breach check and stores returned status","status":"passed","title":"runs breach check and stores returned status","duration":222.3804,"failureMessages":[],"meta":{}},{"ancestorTitles":["Home Page Component"],"fullName":"Home Page Component toggles theme when theme button is clicked","status":"passed","title":"toggles theme when theme button is clicked","duration":70.00630000000001,"failureMessages":[],"meta":{}},{"ancestorTitles":["Home Page Component"],"fullName":"Home Page Component wires password switches to hook callbacks","status":"passed","title":"wires password switches to hook callbacks","duration":111.1869999999999,"failureMessages":[],"meta":{}},{"ancestorTitles":["Home Page Component"],"fullName":"Home Page Component invokes all generator/theme hooks","status":"passed","title":"invokes all generator/theme hooks","duration":41.05639999999994,"failureMessages":[],"meta":{}}],"startTime":1771828120732,"endTime":1771828122092.0564,"status":"passed","message":"","name":"C:/Users/Clement/Desktop/test/nextjs-password-generator/tests/unit/components/page.test.tsx"},{"assertionResults":[{"ancestorTitles":["PassphraseControls Component","Rendering"],"fullName":"PassphraseControls Component Rendering should render controls container","status":"passed","title":"should render controls container","duration":94.60269999999991,"failureMessages":[],"meta":{}},{"ancestorTitles":["PassphraseControls Component","Rendering"],"fullName":"PassphraseControls Component Rendering should render word count slider","status":"passed","title":"should render word count slider","duration":19.127599999999802,"failureMessages":[],"meta":{}},{"ancestorTitles":["PassphraseControls Component","Rendering"],"fullName":"PassphraseControls Component Rendering should display current word count value","status":"passed","title":"should display current word count value","duration":36.540700000000015,"failureMessages":[],"meta":{}},{"ancestorTitles":["PassphraseControls Component","Rendering"],"fullName":"PassphraseControls Component Rendering should display min and max word count labels","status":"failed","title":"should display min and max word count labels","duration":34.21399999999994,"failureMessages":["TestingLibraryElementError: Found multiple elements with the text: 4\n\nHere are the matching elements:\n\nIgnored nodes: comments, script, style\n\u001b[36m<span\u001b[39m\n  \u001b[33mdata-testid\u001b[39m=\u001b[32m\"word-count-value\"\u001b[39m\n\u001b[36m>\u001b[39m\n  \u001b[0m4\u001b[0m\n\u001b[36m</span>\u001b[39m\n\nIgnored nodes: comments, script, style\n\u001b[36m<span>\u001b[39m\n  \u001b[0m4\u001b[0m\n\u001b[36m</span>\u001b[39m\n\n(If this is intentional, then use the `*AllBy*` variant of the query (like `queryAllByText`, `getAllByText`, or `findAllByText`)).\n\nIgnored nodes: comments, script, style\n\u001b[36m<body>\u001b[39m\n  \u001b[36m<div>\u001b[39m\n    \u001b[36m<div\u001b[39m\n      \u001b[33mclass\u001b[39m=\u001b[32m\"flex flex-col gap-6 w-full max-w-2xl\"\u001b[39m\n      \u001b[33mdata-testid\u001b[39m=\u001b[32m\"controls\"\u001b[39m\n    \u001b[36m>\u001b[39m\n      \u001b[36m<div\u001b[39m\n        \u001b[33mclass\u001b[39m=\u001b[32m\"flex flex-col gap-3\"\u001b[39m\n      \u001b[36m>\u001b[39m\n        \u001b[36m<div\u001b[39m\n          \u001b[33mclass\u001b[39m=\u001b[32m\"flex items-center justify-between\"\u001b[39m\n        \u001b[36m>\u001b[39m\n          \u001b[36m<label\u001b[39m\n            \u001b[33mclass\u001b[39m=\u001b[32m\"text-sm font-medium text-zinc-700 dark:text-zinc-300\"\u001b[39m\n          \u001b[36m>\u001b[39m\n            \u001b[0mWord Count: \u001b[0m\n            \u001b[36m<span\u001b[39m\n              \u001b[33mdata-testid\u001b[39m=\u001b[32m\"word-count-value\"\u001b[39m\n            \u001b[36m>\u001b[39m\n              \u001b[0m4\u001b[0m\n            \u001b[36m</span>\u001b[39m\n          \u001b[36m</label>\u001b[39m\n        \u001b[36m</div>\u001b[39m\n        \u001b[36m<span\u001b[39m\n          \u001b[33maria-disabled\u001b[39m=\u001b[32m\"false\"\u001b[39m\n          \u001b[33mclass\u001b[39m=\u001b[32m\"relative flex touch-none select-none items-center w-full\"\u001b[39m\n          \u001b[33mdata-orientation\u001b[39m=\u001b[32m\"horizontal\"\u001b[39m\n          \u001b[33mdata-testid\u001b[39m=\u001b[32m\"word-count-slider\"\u001b[39m\n          \u001b[33mdir\u001b[39m=\u001b[32m\"ltr\"\u001b[39m\n          \u001b[33mstyle\u001b[39m=\u001b[32m\"--radix-slider-thumb-transform: translateX(-50%);\"\u001b[39m\n        \u001b[36m>\u001b[39m\n          \u001b[36m<span\u001b[39m\n            \u001b[33mclass\u001b[39m=\u001b[32m\"relative h-1.5 w-full grow overflow-hidden rounded-full bg-primary/20\"\u001b[39m\n            \u001b[33mdata-orientation\u001b[39m=\u001b[32m\"horizontal\"\u001b[39m\n          \u001b[36m>\u001b[39m\n            \u001b[36m<span\u001b[39m\n              \u001b[33mclass\u001b[39m=\u001b[32m\"absolute h-full bg-primary\"\u001b[39m\n              \u001b[33mdata-orientation\u001b[39m=\u001b[32m\"horizontal\"\u001b[39m\n              \u001b[33mstyle\u001b[39m=\u001b[32m\"left: 0%; right: 100%;\"\u001b[39m\n            \u001b[36m/>\u001b[39m\n          \u001b[36m</span>\u001b[39m\n          \u001b[36m<span\u001b[39m\n            \u001b[33mstyle\u001b[39m=\u001b[32m\"transform: var(--radix-slider-thumb-transform); position: absolute; left: calc(0% + 0px);\"\u001b[39m\n          \u001b[36m>\u001b[39m\n            \u001b[36m<span\u001b[39m\n              \u001b[33maria-orientation\u001b[39m=\u001b[32m\"horizontal\"\u001b[39m\n              \u001b[33maria-valuemax\u001b[39m=\u001b[32m\"10\"\u001b[39m\n              \u001b[33maria-valuemin\u001b[39m=\u001b[32m\"4\"\u001b[39m\n              \u001b[33maria-valuenow\u001b[39m=\u001b[32m\"4\"\u001b[39m\n              \u001b[33mclass\u001b[39m=\u001b[32m\"block h-4 w-4 rounded-full border border-primary/50 bg-background shadow transition-colors focus-visible:outline-none focus-visible:ring-1 focus-visible:ring-ring disabled:pointer-events-none disabled:opacity-50\"\u001b[39m\n              \u001b[33mdata-orientation\u001b[39m=\u001b[32m\"horizontal\"\u001b[39m\n              \u001b[33mdata-radix-collection-item\u001b[39m=\u001b[32m\"\"\u001b[39m\n              \u001b[33mrole\u001b[39m=\u001b[32m\"slider\"\u001b[39m\n              \u001b[33mstyle\u001b[39m=\u001b[32m\"\"\u001b[39m\n              \u001b[33mtabindex\u001b[39m=\u001b[32m\"0\"\u001b[39m\n            \u001b[36m/>\u001b[39m\n          \u001b[36m</span>\u001b[39m\n        \u001b[36m</span>\u001b[39m\n        \u001b[36m<div\u001b[39m\n          \u001b[33mclass\u001b[39m=\u001b[32m\"flex justify-between text-xs text-zinc-500 dark:text-zinc-400\"\u001b[39m\n        \u001b[36m>\u001b[39m\n          \u001b[36m<span>\u001b[39m\n            \u001b[0m4\u001b[0m\n          \u001b[36m</span>\u001b[39m\n          \u001b[36m<span>\u001b[39m\n            \u001b[0m10\u001b[0m\n          \u001b[36m</span>\u001b[39m\n        \u001b[36m</div>\u001b[39m\n      \u001b[36m</div>\u001b[39m\n      \u001b[36m<div\u001b[39m\n        \u001b[33mclass\u001b[39m=\u001b[32m\"flex flex-col gap-3\"\u001b[39m\n      \u001b[36m>\u001b[39m\n        \u001b[36m<h3\u001b[39m\n          \u001b[33mclass\u001b[39m=\u001b[32m\"text-sm font-medium text-zinc-700 dark:text-zinc-300\"\u001b[39m\n        \u001b[36m>\u001b[39m\n          \u001b[0mSeparator\u001b[0m\n        \u001b[36m</h3>\u001b[39m\n        \u001b[36m<div\u001b[39m\n          \u001b[33mclass\u001b[39m=\u001b[32m\"w-full\"\u001b[39m\n          \u001b[33mdata-orientation\u001b[39m=\u001b[32m\"horizontal\"\u001b[39m\n          \u001b[33mdata-testid\u001b[39m=\u001b[32m\"separator-selector\"\u001b[39m\n          \u001b[33mdir\u001b[39m=\u001b[32m\"ltr\"\u001b[39m\n        \u001b[36m>\u001b[39m\n          \u001b[36m<div\u001b[39m\n            \u001b[33maria-orientation\u001b[39m=\u001b[32m\"horizontal\"\u001b[39m\n            \u001b[33mclass\u001b[39m=\u001b[32m\"h-9 items-center justify-center rounded-lg bg-muted p-1 text-muted-foreground grid w-full grid-cols-2 md:grid-cols-4\"\u001b[39m\n            \u001b[33mdata-orientation\u001b[39m=\u001b[32m\"horizontal\"\u001b[39m\n            \u001b[33mrole\u001b[39m=\u001b[32m\"tablist\"\u001b[39m\n            \u001b[33mstyle\u001b[39m=\u001b[32m\"outline: none;\"\u001b[39m\n            \u001b[33mtabindex\u001b[39m=\u001b[32m\"0\"\u001b[39m\n          \u001b[36m>\u001b[39m\n            \u001b[36m<button\u001b[39m\n              \u001b[33maria-controls\u001b[39m=\u001b[32m\"radix-_r_f_-content-space\"\u001b[39m\n              \u001b[33maria-selected\u001b[39m=\u001b[32m\"false\"\u001b[39m\n              \u001b[33mclass\u001b[39m=\u001b[32m\"inline-flex items-center justify-center whitespace-nowrap rounded-md px-3 py-1 text-sm font-medium ring-offset-background transition-all focus-visible:outline-none focus-visible:ring-2 focus-visible:ring-ring focus-visible:ring-offset-2 disabled:pointer-events-none disabled:opacity-50 data-[state=active]:bg-background data-[state=active]:text-foreground data-[state=active]:shadow\"\u001b[39m\n              \u001b[33mdata-orientation\u001b[39m=\u001b[32m\"horizontal\"\u001b[39m\n              \u001b[33mdata-radix-collection-item\u001b[39m=\u001b[32m\"\"\u001b[39m\n              \u001b[33mdata-state\u001b[39m=\u001b[32m\"inactive\"\u001b[39m\n              \u001b[33mid\u001b[39m=\u001b[32m\"radix-_r_f_-trigger-space\"\u001b[39m\n              \u001b[33mrole\u001b[39m=\u001b[32m\"tab\"\u001b[39m\n              \u001b[33mtabindex\u001b[39m=\u001b[32m\"-1\"\u001b[39m\n              \u001b[33mtype\u001b[39m=\u001b[32m\"button\"\u001b[39m\n            \u001b[36m>\u001b[39m\n              \u001b[0mSpace\u001b[0m\n            \u001b[36m</button>\u001b[39m\n            \u001b[36m<button\u001b[39m\n              \u001b[33maria-controls\u001b[39m=\u001b[32m\"radix-_r_f_-content-hyphen\"\u001b[39m\n              \u001b[33maria-selected\u001b[39m=\u001b[32m\"true\"\u001b[39m\n              \u001b[33mclass\u001b[39m=\u001b[32m\"inline-flex items-center justify-center whitespace-nowrap rounded-md px-3 py-1 text-sm font-medium ring-offset-background transition-all focus-visible:outline-none focus-visible:ring-2 focus-visible:ring-ring focus-visible:ring-offset-2 disabled:pointer-events-none disabled:opacity-50 data-[state=active]:bg-background data-[state=active]:text-foreground data-[state=active]:shadow\"\u001b[39m\n              \u001b[33mdata-orientation\u001b[39m=\u001b[32m\"horizontal\"\u001b[39m\n              \u001b[33mdata-radix-collection-item\u001b[39m=\u001b[32m\"\"\u001b[39m\n              \u001b[33mdata-state\u001b[39m=\u001b[32m\"active\"\u001b[39m\n              \u001b[33mid\u001b[39m=\u001b[32m\"radix-_r_f_-trigger-hyphen\"\u001b[39m\n              \u001b[33mrole\u001b[39m=\u001b[32m\"tab\"\u001b[39m\n              \u001b[33mtabindex\u001b[39m=\u001b[32m\"-1\"\u001b[39m\n              \u001b[33mtype\u001b[39m=\u001b[32m\"button\"\u001b[39m\n            \u001b[36m>\u001b[39m\n              \u001b[0mHyphen\u001b[0m\n            \u001b[36m</button>\u001b[39m\n            \u001b[36m<button\u001b[39m\n              \u001b[33maria-controls\u001b[39m=\u001b[32m\"radix-_r_f_-content-underscore\"\u001b[39m\n              \u001b[33maria-selected\u001b[39m=\u001b[32m\"false\"\u001b[39m\n              \u001b[33mclass\u001b[39m=\u001b[32m\"inline-flex items-center justify-center whitespace-nowrap rounded-md px-3 py-1 text-sm font-medium ring-offset-background transition-all focus-visible:outline-none focus-visible:ring-2 focus-visible:ring-ring focus-visible:ring-offset-2 disabled:pointer-events-none disabled:opacity-50 data-[state=active]:bg-background data-[state=active]:text-foreground data-[state=active]:shadow\"\u001b[39m\n              \u001b[33mdata-orientation\u001b[39m=\u001b[32m\"horizontal\"\u001b[39m\n              \u001b[33mdata-radix-collection-item\u001b[39m=\u001b[32m\"\"\u001b[39m\n              \u001b[33mdata-state\u001b[39m=\u001b[32m\"inactive\"\u001b[39m\n              \u001b[33mid\u001b[39m=\u001b[32m\"radix-_r_f_-trigger-underscore\"\u001b[39m\n              \u001b[33mrole\u001b[39m=\u001b[32m\"tab\"\u001b[39m\n              \u001b[33mtabindex\u001b[39m=\u001b[32m\"-1\"\u001b[39m\n              \u001b[33mtype\u001b[39m=\u001b[32m\"button\"\u001b[39m\n            \u001b[36m>\u001b[39m\n              \u001b[0mUnderscore\u001b[0m\n            \u001b[36m</button>\u001b[39m\n            \u001b[36m<button\u001b[39m\n              \u001b[33maria-controls\u001b[39m=\u001b[32m\"radix-_r_f_-content-period\"\u001b[39m\n              \u001b[33maria-selected\u001b[39m=\u001b[32m\"false\"\u001b[39m\n              \u001b[33mclass\u001b[39m=\u001b[32m\"inline-flex items-center justify-center whitespace-nowrap rounded-md px-3 py-1 text-sm font-medium ring-offset-background transition-all focus-visible:outline-none focus-visible:ring-2 focus-visible:ring-ring focus-visible:ring-offset-2 disabled:pointer-events-none disabled:opacity-50 data-[state=active]:bg-background data-[state=active]:text-foreground data-[state=active]:shadow\"\u001b[39m\n              \u001b[33mdata-orientation\u001b[39m=\u001b[32m\"horizontal\"\u001b[39m\n              \u001b[33mdata-radix-collection-item\u001b[39m=\u001b[32m\"\"\u001b[39m\n              \u001b[33mdata-state\u001b[39m=\u001b[32m\"inactive\"\u001b[39m\n              \u001b[33mid\u001b[39m=\u001b[32m\"radix-_r_f_-trigger-period\"\u001b[39m\n              \u001b[33mrole\u001b[39m=\u001b[32m\"tab\"\u001b[39m\n              \u001b[33mtabindex\u001b[39m=\u001b[32m\"-1\"\u001b[39m\n              \u001b[33mtype\u001b[39m=\u001b[32m\"button\"\u001b[39m\n            \u001b[36m>\u001b[39m\n              \u001b[0mPeriod\u001b[0m\n            \u001b[36m</button>\u001b[39m\n          \u001b[36m</div>\u001b[39m\n        \u001b[36m</div>\u001b[39m\n      \u001b[36m</div>\u001b[39m\n      \u001b[36m<div\u001b[39m\n        \u001b[33mclass\u001b[39m=\u001b[32m\"text-sm text-zinc-600 dark:text-zinc-400\"\u001b[39m\n      \u001b[36m>\u001b[39m\n        \u001b[36m<p>\u001b[39m\n          \u001b[0mPassphrases use the EFF Long Wordlist (7776 common words) for memorable security.\u001b[0m\n        \u001b[36m</p>\u001b[39m\n      \u001b[36m</div>\u001b[39m\n    \u001b[36m</div>\u001b[39m\n  \u001b[36m</div>\u001b[39m\n\u001b[36m</body>\u001b[39m\n    at Object.getElementError (C:\\Users\\Clement\\Desktop\\test\\nextjs-password-generator\\node_modules\\@testing-library\\dom\\dist\\config.js:37:19)\n    at getElementError (C:\\Users\\Clement\\Desktop\\test\\nextjs-password-generator\\node_modules\\@testing-library\\dom\\dist\\query-helpers.js:20:35)\n    at getMultipleElementsFoundError (C:\\Users\\Clement\\Desktop\\test\\nextjs-password-generator\\node_modules\\@testing-library\\dom\\dist\\query-helpers.js:23:10)\n    at C:\\Users\\Clement\\Desktop\\test\\nextjs-password-generator\\node_modules\\@testing-library\\dom\\dist\\query-helpers.js:55:13\n    at C:\\Users\\Clement\\Desktop\\test\\nextjs-password-generator\\node_modules\\@testing-library\\dom\\dist\\query-helpers.js:95:19\n    at C:/Users/Clement/Desktop/test/nextjs-password-generator/tests/unit/components/passphrase-controls.test.tsx:40:21\n    at file:///C:/Users/Clement/Desktop/test/nextjs-password-generator/node_modules/@vitest/runner/dist/index.js:145:11\n    at file:///C:/Users/Clement/Desktop/test/nextjs-password-generator/node_modules/@vitest/runner/dist/index.js:915:26\n    at file:///C:/Users/Clement/Desktop/test/nextjs-password-generator/node_modules/@vitest/runner/dist/index.js:1243:20\n    at new Promise (<anonymous>)"],"meta":{}},{"ancestorTitles":["PassphraseControls Component","Rende
[...]
nerator/node_modules/@vitest/runner/dist/index.js:1209:10)\n    at file:///C:/Users/Clement/Desktop/test/nextjs-password-generator/node_modules/@vitest/runner/dist/index.js:1653:37"],"meta":{}},{"ancestorTitles":["Tabs Component","Controlled Component"],"fullName":"Tabs Component Controlled Component should render controlled tabs","status":"passed","title":"should render controlled tabs","duration":73.90689999999995,"failureMessages":[],"meta":{}},{"ancestorTitles":["Tabs Component","Controlled Component"],"fullName":"Tabs Component Controlled Component should update active tab when value prop changes","status":"passed","title":"should update active tab when value prop changes","duration":88.13689999999951,"failureMessages":[],"meta":{}},{"ancestorTitles":["Tabs Component","Tab Switching"],"fullName":"Tabs Component Tab Switching should switch tabs when trigger is clicked","status":"failed","title":"should switch tabs when trigger is clicked","duration":83.38499999999931,"failureMessages":["AssertionError: expected \"vi.fn()\" to be called with arguments: [ 'tab2' ]\u001b[90m\n\nNumber of calls: \u001b[1m0\u001b[22m\n\u001b[39m\n    at Proxy.<anonymous> (file:///C:/Users/Clement/Desktop/test/nextjs-password-generator/node_modules/@vitest/expect/dist/index.js:1420:10)\n    at Proxy.<anonymous> (file:///C:/Users/Clement/Desktop/test/nextjs-password-generator/node_modules/@vitest/expect/dist/index.js:1090:14)\n    at Proxy.methodWrapper (file:///C:/Users/Clement/Desktop/test/nextjs-password-generator/node_modules/chai/index.js:1700:25)\n    at C:/Users/Clement/Desktop/test/nextjs-password-generator/tests/unit/components/ui/tabs.test.tsx:166:28\n    at file:///C:/Users/Clement/Desktop/test/nextjs-password-generator/node_modules/@vitest/runner/dist/index.js:145:11\n    at file:///C:/Users/Clement/Desktop/test/nextjs-password-generator/node_modules/@vitest/runner/dist/index.js:915:26\n    at file:///C:/Users/Clement/Desktop/test/nextjs-password-generator/node_modules/@vitest/runner/dist/index.js:1243:20\n    at new Promise (<anonymous>)\n    at runWithTimeout (file:///C:/Users/Clement/Desktop/test/nextjs-password-generator/node_modules/@vitest/runner/dist/index.js:1209:10)\n    at file:///C:/Users/Clement/Desktop/test/nextjs-password-generator/node_modules/@vitest/runner/dist/index.js:1653:37"],"meta":{}},{"ancestorTitles":["Tabs Component","Tab Switching"],"fullName":"Tabs Component Tab Switching should update content when tab is switched","status":"failed","title":"should update content when tab is switched","duration":81.39019999999982,"failureMessages":["TestingLibraryElementError: Unable to find an element with the text: Content 2. This could be because the text is broken up by multiple elements. In this case, you can provide a function for your text matcher to make your matcher more flexible.\n\nIgnored nodes: comments, script, style\n\u001b[36m<body>\u001b[39m\n  \u001b[36m<div>\u001b[39m\n    \u001b[36m<div\u001b[39m\n      \u001b[33mdata-orientation\u001b[39m=\u001b[32m\"horizontal\"\u001b[39m\n      \u001b[33mdir\u001b[39m=\u001b[32m\"ltr\"\u001b[39m\n    \u001b[36m>\u001b[39m\n      \u001b[36m<div\u001b[39m\n        \u001b[33maria-orientation\u001b[39m=\u001b[32m\"horizontal\"\u001b[39m\n        \u001b[33mclass\u001b[39m=\u001b[32m\"inline-flex h-9 items-center justify-center rounded-lg bg-muted p-1 text-muted-foreground\"\u001b[39m\n        \u001b[33mdata-orientation\u001b[39m=\u001b[32m\"horizontal\"\u001b[39m\n        \u001b[33mrole\u001b[39m=\u001b[32m\"tablist\"\u001b[39m\n        \u001b[33mstyle\u001b[39m=\u001b[32m\"outline: none;\"\u001b[39m\n        \u001b[33mtabindex\u001b[39m=\u001b[32m\"0\"\u001b[39m\n      \u001b[36m>\u001b[39m\n        \u001b[36m<button\u001b[39m\n          \u001b[33maria-controls\u001b[39m=\u001b[32m\"radix-_r_t_-content-tab1\"\u001b[39m\n          \u001b[33maria-selected\u001b[39m=\u001b[32m\"true\"\u001b[39m\n          \u001b[33mclass\u001b[39m=\u001b[32m\"inline-flex items-center justify-center whitespace-nowrap rounded-md px-3 py-1 text-sm font-medium ring-offset-background transition-all focus-visible:outline-none focus-visible:ring-2 focus-visible:ring-ring focus-visible:ring-offset-2 disabled:pointer-events-none disabled:opacity-50 data-[state=active]:bg-background data-[state=active]:text-foreground data-[state=active]:shadow\"\u001b[39m\n          \u001b[33mdata-orientation\u001b[39m=\u001b[32m\"horizontal\"\u001b[39m\n          \u001b[33mdata-radix-collection-item\u001b[39m=\u001b[32m\"\"\u001b[39m\n          \u001b[33mdata-state\u001b[39m=\u001b[32m\"active\"\u001b[39m\n          \u001b[33mid\u001b[39m=\u001b[32m\"radix-_r_t_-trigger-tab1\"\u001b[39m\n          \u001b[33mrole\u001b[39m=\u001b[32m\"tab\"\u001b[39m\n          \u001b[33mtabindex\u001b[39m=\u001b[32m\"-1\"\u001b[39m\n          \u001b[33mtype\u001b[39m=\u001b[32m\"button\"\u001b[39m\n        \u001b[36m>\u001b[39m\n          \u001b[0mTab 1\u001b[0m\n        \u001b[36m</button>\u001b[39m\n        \u001b[36m<button\u001b[39m\n          \u001b[33maria-controls\u001b[39m=\u001b[32m\"radix-_r_t_-content-tab2\"\u001b[39m\n          \u001b[33maria-selected\u001b[39m=\u001b[32m\"false\"\u001b[39m\n          \u001b[33mclass\u001b[39m=\u001b[32m\"inline-flex items-center justify-center whitespace-nowrap rounded-md px-3 py-1 text-sm font-medium ring-offset-background transition-all focus-visible:outline-none focus-visible:ring-2 focus-visible:ring-ring focus-visible:ring-offset-2 disabled:pointer-events-none disabled:opacity-50 data-[state=active]:bg-background data-[state=active]:text-foreground data-[state=active]:shadow\"\u001b[39m\n          \u001b[33mdata-orientation\u001b[39m=\u001b[32m\"horizontal\"\u001b[39m\n          \u001b[33mdata-radix-collection-item\u001b[39m=\u001b[32m\"\"\u001b[39m\n          \u001b[33mdata-state\u001b[39m=\u001b[32m\"inactive\"\u001b[39m\n          \u001b[33mid\u001b[39m=\u001b[32m\"radix-_r_t_-trigger-tab2\"\u001b[39m\n          \u001b[33mrole\u001b[39m=\u001b[32m\"tab\"\u001b[39m\n          \u001b[33mtabindex\u001b[39m=\u001b[32m\"-1\"\u001b[39m\n          \u001b[33mtype\u001b[39m=\u001b[32m\"button\"\u001b[39m\n        \u001b[36m>\u001b[39m\n          \u001b[0mTab 2\u001b[0m\n        \u001b[36m</button>\u001b[39m\n      \u001b[36m</div>\u001b[39m\n      \u001b[36m<div\u001b[39m\n        \u001b[33maria-labelledby\u001b[39m=\u001b[32m\"radix-_r_t_-trigger-tab1\"\u001b[39m\n        \u001b[33mclass\u001b[39m=\u001b[32m\"mt-2 ring-offset-background focus-visible:outline-none focus-visible:ring-2 focus-visible:ring-ring focus-visible:ring-offset-2\"\u001b[39m\n        \u001b[33mdata-orientation\u001b[39m=\u001b[32m\"horizontal\"\u001b[39m\n        \u001b[33mdata-state\u001b[39m=\u001b[32m\"active\"\u001b[39m\n        \u001b[33mid\u001b[39m=\u001b[32m\"radix-_r_t_-content-tab1\"\u001b[39m\n        \u001b[33mrole\u001b[39m=\u001b[32m\"tabpanel\"\u001b[39m\n        \u001b[33mstyle\u001b[39m=\u001b[32m\"animation-duration: 0s;\"\u001b[39m\n        \u001b[33mtabindex\u001b[39m=\u001b[32m\"0\"\u001b[39m\n      \u001b[36m>\u001b[39m\n        \u001b[0mContent 1\u001b[0m\n      \u001b[36m</div>\u001b[39m\n      \u001b[36m<div\u001b[39m\n        \u001b[33maria-labelledby\u001b[39m=\u001b[32m\"radix-_r_t_-trigger-tab2\"\u001b[39m\n        \u001b[33mclass\u001b[39m=\u001b[32m\"mt-2 ring-offset-background focus-visible:outline-none focus-visible:ring-2 focus-visible:ring-ring focus-visible:ring-offset-2\"\u001b[39m\n        \u001b[33mdata-orientation\u001b[39m=\u001b[32m\"horizontal\"\u001b[39m\n        \u001b[33mdata-state\u001b[39m=\u001b[32m\"inactive\"\u001b[39m\n        \u001b[33mhidden\u001b[39m=\u001b[32m\"\"\u001b[39m\n        \u001b[33mid\u001b[39m=\u001b[32m\"radix-_r_t_-content-tab2\"\u001b[39m\n        \u001b[33mrole\u001b[39m=\u001b[32m\"tabpanel\"\u001b[39m\n        \u001b[33mtabindex\u001b[39m=\u001b[32m\"0\"\u001b[39m\n      \u001b[36m/>\u001b[39m\n    \u001b[36m</div>\u001b[39m\n  \u001b[36m</div>\u001b[39m\n\u001b[36m</body>\u001b[39m\n    at Object.getElementError (C:\\Users\\Clement\\Desktop\\test\\nextjs-password-generator\\node_modules\\@testing-library\\dom\\dist\\config.js:37:19)\n    at C:\\Users\\Clement\\Desktop\\test\\nextjs-password-generator\\node_modules\\@testing-library\\dom\\dist\\query-helpers.js:76:38\n    at C:\\Users\\Clement\\Desktop\\test\\nextjs-password-generator\\node_modules\\@testing-library\\dom\\dist\\query-helpers.js:52:17\n    at C:\\Users\\Clement\\Desktop\\test\\nextjs-password-generator\\node_modules\\@testing-library\\dom\\dist\\query-helpers.js:95:19\n    at C:/Users/Clement/Desktop/test/nextjs-password-generator/tests/unit/components/ui/tabs.test.tsx:183:21\n    at file:///C:/Users/Clement/Desktop/test/nextjs-password-generator/node_modules/@vitest/runner/dist/index.js:145:11\n    at file:///C:/Users/Clement/Desktop/test/nextjs-password-generator/node_modules/@vitest/runner/dist/index.js:915:26\n    at file:///C:/Users/Clement/Desktop/test/nextjs-password-generator/node_modules/@vitest/runner/dist/index.js:1243:20\n    at new Promise (<anonymous>)\n    at runWithTimeout (file:///C:/Users/Clement/Desktop/test/nextjs-password-generator/node_modules/@vitest/runner/dist/index.js:1209:10)"],"meta":{}},{"ancestorTitles":["Tabs Component","Disabled Tabs"],"fullName":"Tabs Component Disabled Tabs should render disabled tab trigger","status":"passed","title":"should render disabled tab trigger","duration":77.51020000000062,"failureMessages":[],"meta":{}},{"ancestorTitles":["Tabs Component","Disabled Tabs"],"fullName":"Tabs Component Disabled Tabs should not switch to disabled tab","status":"passed","title":"should not switch to disabled tab","duration":71.23570000000018,"failureMessages":[],"meta":{}},{"ancestorTitles":["Tabs Component","Custom Classes"],"fullName":"Tabs Component Custom Classes should apply custom className to Tabs","status":"failed","title":"should apply custom className to Tabs","duration":50.39599999999973,"failureMessages":["Error: \u001b[2mexpect(\u001b[22m\u001b[31melement\u001b[39m\u001b[2m).toHaveClass(\u001b[22m\u001b[32m\u001b[32m\"custom-class\"\u001b[32m\u001b[39m\u001b[2m)\u001b[22m\n\nExpected the element to have class:\n\u001b[32m  custom-class\u001b[39m\nReceived:\n\u001b[31m  inline-flex h-9 items-center justify-center rounded-lg bg-muted p-1 text-muted-foreground\u001b[39m\n    at Proxy.expectWrapper (file:///C:/Users/Clement/Desktop/test/nextjs-password-generator/node_modules/@vitest/expect/dist/index.js:1821:12)\n    at Proxy.<anonymous> (file:///C:/Users/Clement/Desktop/test/nextjs-password-generator/node_modules/@vitest/expect/dist/index.js:1090:14)\n    at Proxy.methodWrapper (file:///C:/Users/Clement/Desktop/test/nextjs-password-generator/node_modules/chai/index.js:1700:25)\n    at C:/Users/Clement/Desktop/test/nextjs-password-generator/tests/unit/components/ui/tabs.test.tsx:238:43\n    at file:///C:/Users/Clement/Desktop/test/nextjs-password-generator/node_modules/@vitest/runner/dist/index.js:145:11\n    at file:///C:/Users/Clement/Desktop/test/nextjs-password-generator/node_modules/@vitest/runner/dist/index.js:915:26\n    at file:///C:/Users/Clement/Desktop/test/nextjs-password-generator/node_modules/@vitest/runner/dist/index.js:1243:20\n    at new Promise (<anonymous>)\n    at runWithTimeout (file:///C:/Users/Clement/Desktop/test/nextjs-password-generator/node_modules/@vitest/runner/dist/index.js:1209:10)\n    at file:///C:/Users/Clement/Desktop/test/nextjs-password-generator/node_modules/@vitest/runner/dist/index.js:1653:37"],"meta":{}},{"ancestorTitles":["Tabs Component","Custom Classes"],"fullName":"Tabs Component Custom Classes should apply custom className to TabsList","status":"passed","title":"should apply custom className to TabsList","duration":50.76540000000023,"failureMessages":[],"meta":{}},{"ancestorTitles":["Tabs Component","Custom Classes"],"fullName":"Tabs Component Custom Classes should apply custom className to TabsTrigger","status":"passed","title":"should apply custom className to TabsTrigger","duration":62.841599999999744,"failureMessages":[],"meta":{}},{"ancestorTitles":["Tabs Component","Custom Classes"],"fullName":"Tabs Component Custom Classes should apply custom className to TabsContent","status":"passed","title":"should apply custom className to TabsContent","duration":29.575299999999515,"failureMessages":[],"meta":{}},{"ancestorTitles":["Tabs Component","HTML Attributes"],"fullName":"Tabs Component HTML Attributes should pass id attribute to Tabs","status":"failed","title":"should pass id attribute to Tabs","duration":37.66570000000047,"failureMessages":["Error: \u001b[2mexpect(\u001b[22m\u001b[31melement\u001b[39m\u001b[2m).toHaveAttribute(\u001b[22m\u001b[32m\u001b[32m\"id\"\u001b[32m\u001b[39m\u001b[2m, \u001b[22m\u001b[32m\u001b[32m\"test-tabs\"\u001b[32m\u001b[39m\u001b[2m) // element.getAttribute(\"id\") === \"test-tabs\"\u001b[22m\n\nExpected the element to have attribute:\n\u001b[32m  id=\"test-tabs\"\u001b[39m\nReceived:\n\u001b[31m  null\u001b[39m\n    at Proxy.expectWrapper (file:///C:/Users/Clement/Desktop/test/nextjs-password-generator/node_modules/@vitest/expect/dist/index.js:1821:12)\n    at Proxy.<anonymous> (file:///C:/Users/Clement/Desktop/test/nextjs-password-generator/node_modules/@vitest/expect/dist/index.js:1090:14)\n    at Proxy.methodWrapper (file:///C:/Users/Clement/Desktop/test/nextjs-password-generator/node_modules/chai/index.js:1700:25)\n    at C:/Users/Clement/Desktop/test/nextjs-password-generator/tests/unit/components/ui/tabs.test.tsx:293:43\n    at file:///C:/Users/Clement/Desktop/test/nextjs-password-generator/node_modules/@vitest/runner/dist/index.js:145:11\n    at file:///C:/Users/Clement/Desktop/test/nextjs-password-generator/node_modules/@vitest/runner/dist/index.js:915:26\n    at file:///C:/Users/Clement/Desktop/test/nextjs-password-generator/node_modules/@vitest/runner/dist/index.js:1243:20\n    at new Promise (<anonymous>)\n    at runWithTimeout (file:///C:/Users/Clement/Desktop/test/nextjs-password-generator/node_modules/@vitest/runner/dist/index.js:1209:10)\n    at file:///C:/Users/Clement/Desktop/test/nextjs-password-generator/node_modules/@vitest/runner/dist/index.js:1653:37"],"meta":{}},{"ancestorTitles":["Tabs Component","HTML Attributes"],"fullName":"Tabs Component HTML Attributes should pass id attribute to TabsTrigger","status":"passed","title":"should pass id attribute to TabsTrigger","duration":50.04070000000047,"failureMessages":[],"meta":{}},{"ancestorTitles":["Tabs Component","HTML Attributes"],"fullName":"Tabs Component HTML Attributes should pass data-testid attribute","status":"passed","title":"should pass data-testid attribute","duration":30.196599999999307,"failureMessages":[],"meta":{}},{"ancestorTitles":["Tabs Component","Accessibility"],"fullName":"Tabs Component Accessibility should have tablist role","status":"passed","title":"should have tablist role","duration":41.860099999999875,"failureMessages":[],"meta":{}},{"ancestorTitles":["Tabs Component","Accessibility"],"fullName":"Tabs Component Accessibility should have tab role for triggers","status":"passed","title":"should have tab role for triggers","duration":56.3792999999996,"failureMessages":[],"meta":{}},{"ancestorTitles":["Tabs Component","Accessibility"],"fullName":"Tabs Component Accessibility should have aria-selected attribute for active tab","status":"passed","title":"should have aria-selected attribute for active tab","duration":53.9971000000005,"failureMessages":[],"meta":{}},{"ancestorTitles":["Tabs Component","Accessibility"],"fullName":"Tabs Component Accessibility should have aria-selected attribute for inactive tab","status":"passed","title":"should have aria-selected attribute for inactive tab","duration":46.843300000000454,"failureMessages":[],"meta":{}},{"ancestorTitles":["Tabs Component","Accessibility"],"fullName":"Tabs Component Accessibility should have aria-controls attribute linking to content","status":"passed","title":"should have aria-controls attribute linking to content","duration":48.996900000000096,"failureMessages":[],"meta":{}},{"ancestorTitles":["Tabs Component","Accessibility"],"fullName":"Tabs Component Accessibility should have aria-labelledby attribute on content","status":"passed","title":"should have aria-labelledby attribute on content","duration":27.440700000000106,"failureMessages":[],"meta":{}},{"ancestorTitles":["Tabs Component","Styling Classes"],"fullName":"Tabs Component Styling Classes should have inline-flex class on TabsList","status":"passed","title":"should have inline-flex class on TabsList","duration":46.54439999999977,"failureMessages":[],"meta":{}},{"ancestorTitles":["Tabs Component","Styling Classes"],"fullName":"Tabs Component Styling Classes should have h-9 class on TabsList","status":"passed","title":"should have h-9 class on TabsList","duration":43.90319999999974,"failureMessages":[],"meta":{}},{"ancestorTitles":["Tabs Component","Styling Classes"],"fullName":"Tabs Component Styling Classes should have items-center class on TabsList","status":"passed","title":"should have items-center class on TabsList","duration":39.388199999999415,"failureMessages":[],"meta":{}},{"ancestorTitles":["Tabs Component","Styling Classes"],"fullName":"Tabs Component Styling Classes should have justify-center class on TabsList","status":"passed","title":"should have justify-center class on TabsList","duration":62.3131999999996,"failureMessages":[],"meta":{}},{"ancestorTitles":["Tabs Component","Styling Classes"],"fullName":"Tabs Component Styling Classes should have rounded-lg class on TabsList","status":"passed","title":"should have rounded-lg class on TabsList","duration":63.77039999999943,"failureMessages":[],"meta":{}},{"ancestorTitles":["Tabs Component","State-based Styling"],"fullName":"Tabs Component State-based Styling should have active styling on active tab","status":"passed","title":"should have active styling on active tab","duration":50.292999999999665,"failureMessages":[],"meta":{}},{"ancestorTitles":["Tabs Component","Transitions"],"fullName":"Tabs Component Transitions should have transition-all class on TabsTrigger","status":"passed","title":"should have transition-all class on TabsTrigger","duration":43.719600000000355,"failureMessages":[],"meta":{}},{"ancestorTitles":["Tabs Component","Focus Styles"],"fullName":"Tabs Component Focus Styles should have focus-visible styles on TabsTrigger","status":"passed","title":"should have focus-visible styles on TabsTrigger","duration":46.60940000000028,"failureMessages":[],"meta":{}},{"ancestorTitles":["Tabs Component","Focus Styles"],"fullName":"Tabs Component Focus Styles should have focus-visible styles on TabsContent","status":"passed","title":"should have focus-visible styles on TabsContent","duration":20.05249999999978,"failureMessages":[],"meta":{}},{"ancestorTitles":["Tabs Component","Edge Cases"],"fullName":"Tabs Component Edge Cases should handle single tab","status":"passed","title":"should handle single tab","duration":35.613500000000386,"failureMessages":[],"meta":{}},{"ancestorTitles":["Tabs Component","Edge Cases"],"fullName":"Tabs Component Edge Cases should handle many tabs","status":"passed","title":"should handle many tabs","duration":88.48199999999997,"failureMessages":[],"meta":{}},{"ancestorTitles":["Tabs Component","Edge Cases"],"fullName":"Tabs Component Edge Cases should handle empty tab content","status":"passed","title":"should handle empty tab content","duration":36.525799999999435,"failureMessages":[],"meta":{}},{"ancestorTitles":["Tabs Component","Edge Cases"],"fullName":"Tabs Component Edge Cases should handle rapid tab switching","status":"passed","title":"should handle rapid tab switching","duration":76.28710000000046,"failureMessages":[],"meta":{}}],"startTime":1771828116548,"endTime":1771828118988.287,"status":"failed","message":"","name":"C:/Users/Clement/Desktop/test/nextjs-password-generator/tests/unit/components/ui/tabs.test.tsx"}]}